[post_job_error] https://baradwajrangan.wordpress.com/2025/06/14/interview-yami-gautam-article-370-dhoom-dhaam/ error: Subprocess failed: Traceback (most recent call last):
  File "/Users/ravi/Documents/GitHub/movie-review-miner/backend/crawler/parse_post.py", line 8, in <module>
    from utils.text_cleaning import clean_text
ModuleNotFoundError: No module named 'utils'

[post_job_error] https://baradwajrangan.wordpress.com/2025/06/13/shahi-kabirs-beautifully-written-ronth-with-dileesh-pothan-and-roshan-matthew-is-a-compelling-and-deceptive-crime-drama/ error: Subprocess failed: Traceback (most recent call last):
  File "/Users/ravi/Documents/GitHub/movie-review-miner/backend/crawler/parse_post.py", line 8, in <module>
    from utils.text_cleaning import clean_text
ModuleNotFoundError: No module named 'utils'

[post_job_error] https://baradwajrangan.wordpress.com/2025/06/12/vinod-aks-moonwalk-is-a-delightful-time-machine-that-makes-us-relive-the-breakdance-era/ error: Subprocess failed: Traceback (most recent call last):
  File "/Users/ravi/Documents/GitHub/movie-review-miner/backend/crawler/parse_post.py", line 8, in <module>
    from utils.text_cleaning import clean_text
ModuleNotFoundError: No module named 'utils'

[post_job_error] https://baradwajrangan.wordpress.com/2025/06/25/interview-ram-parandhu-po/ error: Subprocess failed: Traceback (most recent call last):
  File "/Users/ravi/Documents/GitHub/movie-review-miner/backend/crawler/parse_post.py", line 8, in <module>
    from utils.text_cleaning import clean_text
ModuleNotFoundError: No module named 'utils'

[post_job_error] https://baradwajrangan.wordpress.com/2025/06/12/interview-nagarjuna-akkineni-kuberaa-coolie/ error: Subprocess failed: Traceback (most recent call last):
  File "/Users/ravi/Documents/GitHub/movie-review-miner/backend/crawler/parse_post.py", line 8, in <module>
    from utils.text_cleaning import clean_text
ModuleNotFoundError: No module named 'utils'

[post_job_error] https://baradwajrangan.wordpress.com/2025/06/23/interview-vishnu-manchu-kannappa/ error: Subprocess failed: Traceback (most recent call last):
  File "/Users/ravi/Documents/GitHub/movie-review-miner/backend/crawler/parse_post.py", line 8, in <module>
    from utils.text_cleaning import clean_text
ModuleNotFoundError: No module named 'utils'

[post_job_error] https://baradwajrangan.wordpress.com/2025/06/12/bitty-ruminations-98-is-it-possible-to-live-a-life-without-regrets/ error: Subprocess failed: Traceback (most recent call last):
  File "/Users/ravi/Documents/GitHub/movie-review-miner/backend/crawler/parse_post.py", line 8, in <module>
    from utils.text_cleaning import clean_text
ModuleNotFoundError: No module named 'utils'

[post_job_error] https://baradwajrangan.wordpress.com/2025/06/22/readers-write-in-819-%e0%ae%95%e0%af%81%e0%ae%9f%e0%af%81%e0%ae%ae%e0%af%8d%e0%ae%aa%e0%ae%a4%e0%ae%b2%e0%af%88%e0%ae%b5%e0%ae%a9%e0%af%8d/ error: Subprocess failed: Traceback (most recent call last):
  File "/Users/ravi/Documents/GitHub/movie-review-miner/backend/crawler/parse_post.py", line 8, in <module>
    from utils.text_cleaning import clean_text
ModuleNotFoundError: No module named 'utils'

[post_job_error] https://baradwajrangan.wordpress.com/2025/06/11/interview-team-ronth-dileesh-pothan-roshan-matthew-shahi-kabir/ error: Subprocess failed: Traceback (most recent call last):
  File "/Users/ravi/Documents/GitHub/movie-review-miner/backend/crawler/parse_post.py", line 8, in <module>
    from utils.text_cleaning import clean_text
ModuleNotFoundError: No module named 'utils'

[post_job_error] https://baradwajrangan.wordpress.com/2025/06/22/readers-write-in-818-ronth-the-mind-patroller/ error: Subprocess failed: Traceback (most recent call last):
  File "/Users/ravi/Documents/GitHub/movie-review-miner/backend/crawler/parse_post.py", line 8, in <module>
    from utils.text_cleaning import clean_text
ModuleNotFoundError: No module named 'utils'

[post_job_error] https://baradwajrangan.wordpress.com/2025/06/11/readers-write-in-812-crying-over-pasamalar/ error: Subprocess failed: Traceback (most recent call last):
  File "/Users/ravi/Documents/GitHub/movie-review-miner/backend/crawler/parse_post.py", line 8, in <module>
    from utils.text_cleaning import clean_text
ModuleNotFoundError: No module named 'utils'

[post_job_error] https://baradwajrangan.wordpress.com/2025/06/21/interview-devi-sri-prasad-pushpa-kuberaa/ error: Subprocess failed: Traceback (most recent call last):
  File "/Users/ravi/Documents/GitHub/movie-review-miner/backend/crawler/parse_post.py", line 8, in <module>
    from utils.text_cleaning import clean_text
ModuleNotFoundError: No module named 'utils'

[post_job_error] https://baradwajrangan.wordpress.com/2025/06/10/readers-write-in-812-thug-light/ error: Subprocess failed: Traceback (most recent call last):
  File "/Users/ravi/Documents/GitHub/movie-review-miner/backend/crawler/parse_post.py", line 8, in <module>
    from utils.text_cleaning import clean_text
ModuleNotFoundError: No module named 'utils'

[post_job_error] https://baradwajrangan.wordpress.com/2025/06/20/nelson-venkatesans-dna-atharvaa-nimisha-sajayan-takes-a-super-premise-and-delivers-a-generic-thriller/ error: Subprocess failed: Traceback (most recent call last):
  File "/Users/ravi/Documents/GitHub/movie-review-miner/backend/crawler/parse_post.py", line 8, in <module>
    from utils.text_cleaning import clean_text
ModuleNotFoundError: No module named 'utils'

[post_job_error] https://baradwajrangan.wordpress.com/2025/06/09/interview-team-stolen-anurag-kashyap-vikramaditya-motwane-abhishek-banerjee-et-al/ error: Subprocess failed: Traceback (most recent call last):
  File "/Users/ravi/Documents/GitHub/movie-review-miner/backend/crawler/parse_post.py", line 8, in <module>
    from utils.text_cleaning import clean_text
ModuleNotFoundError: No module named 'utils'

[post_job_error] https://baradwajrangan.wordpress.com/2025/06/20/kuberaa-for-early-comments/ error: Subprocess failed: Traceback (most recent call last):
  File "/Users/ravi/Documents/GitHub/movie-review-miner/backend/crawler/parse_post.py", line 8, in <module>
    from utils.text_cleaning import clean_text
ModuleNotFoundError: No module named 'utils'

[post_job_error] https://baradwajrangan.wordpress.com/2025/06/09/readers-write-in-811-thug-life-you-come-at-the-king-you-best-not-miss/ error: Subprocess failed: Traceback (most recent call last):
  File "/Users/ravi/Documents/GitHub/movie-review-miner/backend/crawler/parse_post.py", line 8, in <module>
    from utils.text_cleaning import clean_text
ModuleNotFoundError: No module named 'utils'

[post_job_error] https://baradwajrangan.wordpress.com/2025/06/20/sitaare-zameen-par-for-early-comments/ error: Subprocess failed: Traceback (most recent call last):
  File "/Users/ravi/Documents/GitHub/movie-review-miner/backend/crawler/parse_post.py", line 8, in <module>
    from utils.text_cleaning import clean_text
ModuleNotFoundError: No module named 'utils'

[post_job_error] https://baradwajrangan.wordpress.com/2025/06/08/readers-write-in-810-vintage-film-agreements/ error: Subprocess failed: Traceback (most recent call last):
  File "/Users/ravi/Documents/GitHub/movie-review-miner/backend/crawler/parse_post.py", line 8, in <module>
    from utils.text_cleaning import clean_text
ModuleNotFoundError: No module named 'utils'

[post_job_error] https://baradwajrangan.wordpress.com/2025/06/20/readers-write-in-817-murder-caesar-a-thug-life-not-earned/ error: Subprocess failed: Traceback (most recent call last):
  File "/Users/ravi/Documents/GitHub/movie-review-miner/backend/crawler/parse_post.py", line 8, in <module>
    from utils.text_cleaning import clean_text
ModuleNotFoundError: No module named 'utils'

[post_job_error] https://baradwajrangan.wordpress.com/2025/06/07/readers-write-in-809-%e0%ae%b5%e0%ae%b2%e0%ae%a4%e0%af%81%e0%ae%9a%e0%ae%be%e0%ae%b0%e0%ae%bf-%e0%ae%86%e0%ae%a4%e0%ae%b0%e0%ae%b5%e0%ae%be%e0%ae%b3%e0%ae%b0%e0%af%8d%e0%ae%95%e0%ae%b3%e0%af%8d/ error: Subprocess failed: Traceback (most recent call last):
  File "/Users/ravi/Documents/GitHub/movie-review-miner/backend/crawler/parse_post.py", line 8, in <module>
    from utils.text_cleaning import clean_text
ModuleNotFoundError: No module named 'utils'

[post_job_error] https://baradwajrangan.wordpress.com/2025/06/19/karan-tejpals-stolen-with-abhishek-banerjee-is-a-powerfully-emotional-thriller-about-the-two-indias/ error: Subprocess failed: Traceback (most recent call last):
  File "/Users/ravi/Documents/GitHub/movie-review-miner/backend/crawler/parse_post.py", line 8, in <module>
    from utils.text_cleaning import clean_text
ModuleNotFoundError: No module named 'utils'

[post_job_error] https://baradwajrangan.wordpress.com/2025/06/07/interview-aamir-khan-sitaare-zameen-par/ error: Subprocess failed: Traceback (most recent call last):
  File "/Users/ravi/Documents/GitHub/movie-review-miner/backend/crawler/parse_post.py", line 8, in <module>
    from utils.text_cleaning import clean_text
ModuleNotFoundError: No module named 'utils'

[post_job_error] https://baradwajrangan.wordpress.com/2025/06/19/interview-atharvaa-dna/ error: Subprocess failed: Traceback (most recent call last):
  File "/Users/ravi/Documents/GitHub/movie-review-miner/backend/crawler/parse_post.py", line 8, in <module>
    from utils.text_cleaning import clean_text
ModuleNotFoundError: No module named 'utils'

[post_job_error] https://baradwajrangan.wordpress.com/2025/06/07/readers-write-in-808-thug-life-an-experience/ error: Subprocess failed: Traceback (most recent call last):
  File "/Users/ravi/Documents/GitHub/movie-review-miner/backend/crawler/parse_post.py", line 8, in <module>
    from utils.text_cleaning import clean_text
ModuleNotFoundError: No module named 'utils'

[post_job_error] https://baradwajrangan.wordpress.com/2025/06/19/readers-write-in-816-bread-pakoras-in-the-city-of-djinns-bollywoods-love-affair-with-delhi/ error: Subprocess failed: Traceback (most recent call last):
  File "/Users/ravi/Documents/GitHub/movie-review-miner/backend/crawler/parse_post.py", line 8, in <module>
    from utils.text_cleaning import clean_text
ModuleNotFoundError: No module named 'utils'

[post_job_error] https://baradwajrangan.wordpress.com/2025/06/05/thug-life-thread-for-early-comments-until-review-is-posted/ error: Subprocess failed: Traceback (most recent call last):
  File "/Users/ravi/Documents/GitHub/movie-review-miner/backend/crawler/parse_post.py", line 8, in <module>
    from utils.text_cleaning import clean_text
ModuleNotFoundError: No module named 'utils'

[post_job_error] https://baradwajrangan.wordpress.com/2025/06/17/interview-rs-prasanna-sitaare-zameen-par/ error: Subprocess failed: Traceback (most recent call last):
  File "/Users/ravi/Documents/GitHub/movie-review-miner/backend/crawler/parse_post.py", line 8, in <module>
    from utils.text_cleaning import clean_text
ModuleNotFoundError: No module named 'utils'

[post_job_error] https://baradwajrangan.wordpress.com/2025/06/04/readers-write-in-807-%e0%ae%92%e0%ae%b0%e0%af%81-%e0%ae%a4%e0%ae%b1%e0%af%8d%e0%ae%95%e0%af%8a%e0%ae%b2%e0%af%88/ error: Subprocess failed: Traceback (most recent call last):
  File "/Users/ravi/Documents/GitHub/movie-review-miner/backend/crawler/parse_post.py", line 8, in <module>
    from utils.text_cleaning import clean_text
ModuleNotFoundError: No module named 'utils'

[post_job_error] https://baradwajrangan.wordpress.com/2025/06/17/briefly-reviewed-celine-songs-materialists/ error: Subprocess failed: Traceback (most recent call last):
  File "/Users/ravi/Documents/GitHub/movie-review-miner/backend/crawler/parse_post.py", line 8, in <module>
    from utils.text_cleaning import clean_text
ModuleNotFoundError: No module named 'utils'

[post_job_error] https://baradwajrangan.wordpress.com/2025/06/03/interview-ravi-k-chandran-thug-life/ error: Subprocess failed: Traceback (most recent call last):
  File "/Users/ravi/Documents/GitHub/movie-review-miner/backend/crawler/parse_post.py", line 8, in <module>
    from utils.text_cleaning import clean_text
ModuleNotFoundError: No module named 'utils'

[post_job_error] https://baradwajrangan.wordpress.com/2025/06/16/interview-karthik-subbaraj-2/ error: Subprocess failed: Traceback (most recent call last):
  File "/Users/ravi/Documents/GitHub/movie-review-miner/backend/crawler/parse_post.py", line 8, in <module>
    from utils.text_cleaning import clean_text
ModuleNotFoundError: No module named 'utils'

[post_job_error] https://baradwajrangan.wordpress.com/2025/06/02/readers-write-in-806-fare-thee-well-tiger-man/ error: Subprocess failed: Traceback (most recent call last):
  File "/Users/ravi/Documents/GitHub/movie-review-miner/backend/crawler/parse_post.py", line 8, in <module>
    from utils.text_cleaning import clean_text
ModuleNotFoundError: No module named 'utils'

[post_job_error] https://baradwajrangan.wordpress.com/2025/06/16/briefly-reviewed-mike-flanagans-the-life-of-chuck/ error: Subprocess failed: Traceback (most recent call last):
  File "/Users/ravi/Documents/GitHub/movie-review-miner/backend/crawler/parse_post.py", line 8, in <module>
    from utils.text_cleaning import clean_text
ModuleNotFoundError: No module named 'utils'

[post_job_error] https://baradwajrangan.wordpress.com/2025/05/31/from-the-web-ftw-25-the-city-of-chennais-vanishing-role-in-tamil-cinema/ error: Subprocess failed: Traceback (most recent call last):
  File "/Users/ravi/Documents/GitHub/movie-review-miner/backend/crawler/parse_post.py", line 8, in <module>
    from utils.text_cleaning import clean_text
ModuleNotFoundError: No module named 'utils'

[post_job_error] https://baradwajrangan.wordpress.com/2025/06/16/my-interview-on-cyrus-says/ error: Subprocess failed: Traceback (most recent call last):
  File "/Users/ravi/Documents/GitHub/movie-review-miner/backend/crawler/parse_post.py", line 8, in <module>
    from utils.text_cleaning import clean_text
ModuleNotFoundError: No module named 'utils'

[post_job_error] https://baradwajrangan.wordpress.com/2025/05/29/readers-write-in-805-the-unfinished-reign/ error: Subprocess failed: Traceback (most recent call last):
  File "/Users/ravi/Documents/GitHub/movie-review-miner/backend/crawler/parse_post.py", line 8, in <module>
    from utils.text_cleaning import clean_text
ModuleNotFoundError: No module named 'utils'

[post_job_error] https://baradwajrangan.wordpress.com/2025/06/16/readers-write-in-815-from-hug-life-to-thug-life-a-tale-of-two-gangsters/ error: Subprocess failed: Traceback (most recent call last):
  File "/Users/ravi/Documents/GitHub/movie-review-miner/backend/crawler/parse_post.py", line 8, in <module>
    from utils.text_cleaning import clean_text
ModuleNotFoundError: No module named 'utils'

[post_job_error] https://baradwajrangan.wordpress.com/2025/06/16/bribing-br/ error: Subprocess failed: Traceback (most recent call last):
  File "/Users/ravi/Documents/GitHub/movie-review-miner/backend/crawler/parse_post.py", line 8, in <module>
    from utils.text_cleaning import clean_text
ModuleNotFoundError: No module named 'utils'

[post_job_error] https://baradwajrangan.wordpress.com/2025/06/14/readers-write-in-814-i-reference-therefore-i-am/ error: Subprocess failed: Traceback (most recent call last):
  File "/Users/ravi/Documents/GitHub/movie-review-miner/backend/crawler/parse_post.py", line 8, in <module>
    from utils.text_cleaning import clean_text
ModuleNotFoundError: No module named 'utils'

[post_job_error] https://baradwajrangan.wordpress.com/2025/05/29/lets-talk-about-the-ott-shows-were-watching/ error: Subprocess failed: Traceback (most recent call last):
  File "/Users/ravi/Documents/GitHub/movie-review-miner/backend/crawler/parse_post.py", line 8, in <module>
    from utils.text_cleaning import clean_text
ModuleNotFoundError: No module named 'utils'

[post_job_error] https://baradwajrangan.wordpress.com/2025/05/29/from-the-web-ftw-24-ilaiyaraaja-declares-theres-no-composer-like-me/ error: Subprocess failed: Traceback (most recent call last):
  File "/Users/ravi/Documents/GitHub/movie-review-miner/backend/crawler/parse_post.py", line 8, in <module>
    from utils.text_cleaning import clean_text
ModuleNotFoundError: No module named 'utils'

[post_job_error] https://baradwajrangan.wordpress.com/2025/05/29/readers-write-in-804-questions-i-want-to-ask-mr-mani-rathnam-and-mr-kamal-haasan/ error: Subprocess failed: Traceback (most recent call last):
  File "/Users/ravi/Documents/GitHub/movie-review-miner/backend/crawler/parse_post.py", line 8, in <module>
    from utils.text_cleaning import clean_text
ModuleNotFoundError: No module named 'utils'

[post_job_error] https://baradwajrangan.wordpress.com/2025/05/27/interview-ali-fazal-thug-life-khufiya-fukrey-metro-in-dino/ error: Subprocess failed: Traceback (most recent call last):
  File "/Users/ravi/Documents/GitHub/movie-review-miner/backend/crawler/parse_post.py", line 8, in <module>
    from utils.text_cleaning import clean_text
ModuleNotFoundError: No module named 'utils'

[post_job_error] https://baradwajrangan.wordpress.com/2025/05/26/readers-write-in-802-the-adventures-of-ajay-palvayanteeswaran/ error: Subprocess failed: Traceback (most recent call last):
  File "/Users/ravi/Documents/GitHub/movie-review-miner/backend/crawler/parse_post.py", line 8, in <module>
    from utils.text_cleaning import clean_text
ModuleNotFoundError: No module named 'utils'

[post_job_error] https://baradwajrangan.wordpress.com/2025/05/25/readers-write-in-802-celluloid-love/ error: Subprocess failed: Traceback (most recent call last):
  File "/Users/ravi/Documents/GitHub/movie-review-miner/backend/crawler/parse_post.py", line 8, in <module>
    from utils.text_cleaning import clean_text
ModuleNotFoundError: No module named 'utils'

[post_job_error] https://baradwajrangan.wordpress.com/2025/05/24/interview-anurag-kashyap-for-the-hindus-huddle-event-in-bengaluru/ error: Subprocess failed: Traceback (most recent call last):
  File "/Users/ravi/Documents/GitHub/movie-review-miner/backend/crawler/parse_post.py", line 8, in <module>
    from utils.text_cleaning import clean_text
ModuleNotFoundError: No module named 'utils'

[post_job_error] https://baradwajrangan.wordpress.com/2025/05/24/interview-vetri-maaran-for-the-hindus-huddle-event-in-bengaluru/ error: Subprocess failed: Traceback (most recent call last):
  File "/Users/ravi/Documents/GitHub/movie-review-miner/backend/crawler/parse_post.py", line 8, in <module>
    from utils.text_cleaning import clean_text
ModuleNotFoundError: No module named 'utils'

[post_job_error] https://baradwajrangan.wordpress.com/2025/05/24/from-the-web-ftw-23-cbfc-clears-dhadak-2-after-16-cuts-including-altered-anti-caste-references/ error: Subprocess failed: Traceback (most recent call last):
  File "/Users/ravi/Documents/GitHub/movie-review-miner/backend/crawler/parse_post.py", line 8, in <module>
    from utils.text_cleaning import clean_text
ModuleNotFoundError: No module named 'utils'

[post_job_error] https://baradwajrangan.wordpress.com/2025/05/23/interview-mani-ratnam-thug-life/ error: Subprocess failed: Traceback (most recent call last):
  File "/Users/ravi/Documents/GitHub/movie-review-miner/backend/crawler/parse_post.py", line 8, in <module>
    from utils.text_cleaning import clean_text
ModuleNotFoundError: No module named 'utils'

[post_job_error] https://baradwajrangan.wordpress.com/2025/05/22/interview-kamal-haasan-ar-rahman-str-trisha-thug-life/ error: Subprocess failed: Traceback (most recent call last):
  File "/Users/ravi/Documents/GitHub/movie-review-miner/backend/crawler/parse_post.py", line 8, in <module>
    from utils.text_cleaning import clean_text
ModuleNotFoundError: No module named 'utils'

[post_job_error] https://baradwajrangan.wordpress.com/2025/05/21/interview-vijay-sethupathi-ace/ error: Subprocess failed: Traceback (most recent call last):
  File "/Users/ravi/Documents/GitHub/movie-review-miner/backend/crawler/parse_post.py", line 8, in <module>
    from utils.text_cleaning import clean_text
ModuleNotFoundError: No module named 'utils'

[post_job_error] https://baradwajrangan.wordpress.com/2025/05/19/interview-amit-sadh-pune-highway-kai-po-che-gold-breathe/ error: Subprocess failed: Traceback (most recent call last):
  File "/Users/ravi/Documents/GitHub/movie-review-miner/backend/crawler/parse_post.py", line 8, in <module>
    from utils.text_cleaning import clean_text
ModuleNotFoundError: No module named 'utils'

[post_job_error] https://baradwajrangan.wordpress.com/2025/05/19/readers-write-in-801-%e0%ae%85%e0%ae%9f%e0%ae%bf%e0%ae%ae%e0%ae%a9-%e0%ae%a4%e0%ae%be%e0%ae%95%e0%ae%ae%e0%af%8d/ error: Subprocess failed: Traceback (most recent call last):
  File "/Users/ravi/Documents/GitHub/movie-review-miner/backend/crawler/parse_post.py", line 8, in <module>
    from utils.text_cleaning import clean_text
ModuleNotFoundError: No module named 'utils'

[post_job_error] https://baradwajrangan.wordpress.com/2025/05/17/prasanth-pandiyarajs-maaman-starring-soori-is-a-melodrama-that-quickly-loses-its-way/ error: Subprocess failed: Traceback (most recent call last):
  File "/Users/ravi/Documents/GitHub/movie-review-miner/backend/crawler/parse_post.py", line 8, in <module>
    from utils.text_cleaning import clean_text
ModuleNotFoundError: No module named 'utils'

[post_job_error] https://baradwajrangan.wordpress.com/2025/05/16/book-excerpt-side-please/ error: Subprocess failed: Traceback (most recent call last):
  File "/Users/ravi/Documents/GitHub/movie-review-miner/backend/crawler/parse_post.py", line 8, in <module>
    from utils.text_cleaning import clean_text
ModuleNotFoundError: No module named 'utils'

[post_job_error] https://baradwajrangan.wordpress.com/2025/05/15/food-for-thought-karan-johar/ error: Subprocess failed: Traceback (most recent call last):
  File "/Users/ravi/Documents/GitHub/movie-review-miner/backend/crawler/parse_post.py", line 8, in <module>
    from utils.text_cleaning import clean_text
ModuleNotFoundError: No module named 'utils'

[post_job_error] https://baradwajrangan.wordpress.com/2025/05/15/readers-write-in-800-a-tribute-to-virat-kohli-from-a-tendulkar-fan/ error: Subprocess failed: Traceback (most recent call last):
  File "/Users/ravi/Documents/GitHub/movie-review-miner/backend/crawler/parse_post.py", line 8, in <module>
    from utils.text_cleaning import clean_text
ModuleNotFoundError: No module named 'utils'

[post_job_error] https://baradwajrangan.wordpress.com/2025/05/14/interview-santhanam-devils-double-next-level/ error: Subprocess failed: Traceback (most recent call last):
  File "/Users/ravi/Documents/GitHub/movie-review-miner/backend/crawler/parse_post.py", line 8, in <module>
    from utils.text_cleaning import clean_text
ModuleNotFoundError: No module named 'utils'

[post_job_error] https://baradwajrangan.wordpress.com/2025/05/13/readers-write-in-799-ramesh-thilak-yogi-babu-and-the-power-of-the-side-character-in-contemporary-tamil-cinema/ error: Subprocess failed: Traceback (most recent call last):
  File "/Users/ravi/Documents/GitHub/movie-review-miner/backend/crawler/parse_post.py", line 8, in <module>
    from utils.text_cleaning import clean_text
ModuleNotFoundError: No module named 'utils'

[post_job_error] https://baradwajrangan.wordpress.com/2025/06/14/interview-yami-gautam-article-370-dhoom-dhaam/ error: Expecting value: line 1 column 2 (char 1)
[post_job_error] https://baradwajrangan.wordpress.com/2025/06/25/interview-ram-parandhu-po/ error: Expecting value: line 1 column 2 (char 1)
[post_job_error] https://baradwajrangan.wordpress.com/2025/06/13/shahi-kabirs-beautifully-written-ronth-with-dileesh-pothan-and-roshan-matthew-is-a-compelling-and-deceptive-crime-drama/ error: Expecting value: line 1 column 2 (char 1)
[post_job_error] https://baradwajrangan.wordpress.com/2025/06/23/interview-vishnu-manchu-kannappa/ error: Expecting value: line 1 column 2 (char 1)
[post_job_error] https://baradwajrangan.wordpress.com/2025/06/12/vinod-aks-moonwalk-is-a-delightful-time-machine-that-makes-us-relive-the-breakdance-era/ error: Expecting value: line 1 column 2 (char 1)
[post_job_error] https://baradwajrangan.wordpress.com/2025/06/22/readers-write-in-819-%e0%ae%95%e0%af%81%e0%ae%9f%e0%af%81%e0%ae%ae%e0%af%8d%e0%ae%aa%e0%ae%a4%e0%ae%b2%e0%af%88%e0%ae%b5%e0%ae%a9%e0%af%8d/ error: Expecting value: line 1 column 2 (char 1)
[post_job_error] https://baradwajrangan.wordpress.com/2025/06/12/interview-nagarjuna-akkineni-kuberaa-coolie/ error: Expecting value: line 1 column 2 (char 1)
[post_job_error] https://baradwajrangan.wordpress.com/2025/06/12/bitty-ruminations-98-is-it-possible-to-live-a-life-without-regrets/ error: Expecting value: line 1 column 2 (char 1)
[post_job_error] https://baradwajrangan.wordpress.com/2025/06/22/readers-write-in-818-ronth-the-mind-patroller/ error: Expecting value: line 1 column 2 (char 1)
[post_job_error] https://baradwajrangan.wordpress.com/2025/06/11/interview-team-ronth-dileesh-pothan-roshan-matthew-shahi-kabir/ error: Expecting value: line 1 column 2 (char 1)
[post_job_error] https://baradwajrangan.wordpress.com/2025/06/21/interview-devi-sri-prasad-pushpa-kuberaa/ error: Expecting value: line 1 column 2 (char 1)
[post_job_error] https://baradwajrangan.wordpress.com/2025/06/11/readers-write-in-812-crying-over-pasamalar/ error: Expecting value: line 1 column 2 (char 1)
[post_job_error] https://baradwajrangan.wordpress.com/2025/06/20/nelson-venkatesans-dna-atharvaa-nimisha-sajayan-takes-a-super-premise-and-delivers-a-generic-thriller/ error: Expecting value: line 1 column 2 (char 1)
[post_job_error] https://baradwajrangan.wordpress.com/2025/06/10/readers-write-in-812-thug-light/ error: Expecting value: line 1 column 2 (char 1)
[post_job_error] https://baradwajrangan.wordpress.com/2025/06/20/kuberaa-for-early-comments/ error: Expecting value: line 1 column 2 (char 1)
[post_job_error] https://baradwajrangan.wordpress.com/2025/06/09/interview-team-stolen-anurag-kashyap-vikramaditya-motwane-abhishek-banerjee-et-al/ error: Expecting value: line 1 column 2 (char 1)
[post_job_error] https://baradwajrangan.wordpress.com/2025/06/09/readers-write-in-811-thug-life-you-come-at-the-king-you-best-not-miss/ error: Expecting value: line 1 column 2 (char 1)
[post_job_error] https://baradwajrangan.wordpress.com/2025/06/20/sitaare-zameen-par-for-early-comments/ error: Expecting value: line 1 column 2 (char 1)
[post_job_error] https://baradwajrangan.wordpress.com/2025/06/08/readers-write-in-810-vintage-film-agreements/ error: Expecting value: line 1 column 2 (char 1)
[post_job_error] https://baradwajrangan.wordpress.com/2025/06/07/readers-write-in-809-%e0%ae%b5%e0%ae%b2%e0%ae%a4%e0%af%81%e0%ae%9a%e0%ae%be%e0%ae%b0%e0%ae%bf-%e0%ae%86%e0%ae%a4%e0%ae%b0%e0%ae%b5%e0%ae%be%e0%ae%b3%e0%ae%b0%e0%af%8d%e0%ae%95%e0%ae%b3%e0%af%8d/ error: Expecting value: line 1 column 2 (char 1)
[post_job_error] https://baradwajrangan.wordpress.com/2025/06/20/readers-write-in-817-murder-caesar-a-thug-life-not-earned/ error: Expecting value: line 1 column 2 (char 1)
[post_job_error] https://baradwajrangan.wordpress.com/2025/06/07/interview-aamir-khan-sitaare-zameen-par/ error: Expecting value: line 1 column 2 (char 1)
[post_job_error] https://baradwajrangan.wordpress.com/2025/06/19/karan-tejpals-stolen-with-abhishek-banerjee-is-a-powerfully-emotional-thriller-about-the-two-indias/ error: Expecting value: line 1 column 2 (char 1)
[post_job_error] https://baradwajrangan.wordpress.com/2025/06/07/readers-write-in-808-thug-life-an-experience/ error: Expecting value: line 1 column 2 (char 1)
[post_job_error] https://baradwajrangan.wordpress.com/2025/06/19/interview-atharvaa-dna/ error: Expecting value: line 1 column 2 (char 1)
[post_job_error] https://baradwajrangan.wordpress.com/2025/06/19/readers-write-in-816-bread-pakoras-in-the-city-of-djinns-bollywoods-love-affair-with-delhi/ error: Expecting value: line 1 column 2 (char 1)
[post_job_error] https://baradwajrangan.wordpress.com/2025/06/17/interview-rs-prasanna-sitaare-zameen-par/ error: Expecting value: line 1 column 2 (char 1)
[post_job_error] https://baradwajrangan.wordpress.com/2025/06/17/briefly-reviewed-celine-songs-materialists/ error: Expecting value: line 1 column 2 (char 1)
[post_job_error] https://baradwajrangan.wordpress.com/2025/06/05/thug-life-thread-for-early-comments-until-review-is-posted/ error: Expecting value: line 1 column 2 (char 1)
[post_job_error] https://baradwajrangan.wordpress.com/2025/06/16/interview-karthik-subbaraj-2/ error: Expecting value: line 1 column 2 (char 1)
[post_job_error] https://baradwajrangan.wordpress.com/2025/06/04/readers-write-in-807-%e0%ae%92%e0%ae%b0%e0%af%81-%e0%ae%a4%e0%ae%b1%e0%af%8d%e0%ae%95%e0%af%8a%e0%ae%b2%e0%af%88/ error: Expecting value: line 1 column 2 (char 1)
[post_job_error] https://baradwajrangan.wordpress.com/2025/06/16/briefly-reviewed-mike-flanagans-the-life-of-chuck/ error: Expecting value: line 1 column 2 (char 1)
[post_job_error] https://baradwajrangan.wordpress.com/2025/06/03/interview-ravi-k-chandran-thug-life/ error: Expecting value: line 1 column 2 (char 1)
[post_job_error] https://baradwajrangan.wordpress.com/2025/06/16/my-interview-on-cyrus-says/ error: Expecting value: line 1 column 2 (char 1)
[post_job_error] https://baradwajrangan.wordpress.com/2025/06/02/readers-write-in-806-fare-thee-well-tiger-man/ error: Expecting value: line 1 column 2 (char 1)
[post_job_error] https://baradwajrangan.wordpress.com/2025/06/16/readers-write-in-815-from-hug-life-to-thug-life-a-tale-of-two-gangsters/ error: Expecting value: line 1 column 2 (char 1)
[post_job_error] https://baradwajrangan.wordpress.com/2025/05/31/from-the-web-ftw-25-the-city-of-chennais-vanishing-role-in-tamil-cinema/ error: Expecting value: line 1 column 2 (char 1)
[post_job_error] https://baradwajrangan.wordpress.com/2025/06/16/bribing-br/ error: Expecting value: line 1 column 2 (char 1)
[post_job_error] https://baradwajrangan.wordpress.com/2025/05/29/readers-write-in-805-the-unfinished-reign/ error: Expecting value: line 1 column 2 (char 1)
[post_job_error] https://baradwajrangan.wordpress.com/2025/06/14/readers-write-in-814-i-reference-therefore-i-am/ error: Expecting value: line 1 column 2 (char 1)
[post_job_error] https://baradwajrangan.wordpress.com/2025/05/29/lets-talk-about-the-ott-shows-were-watching/ error: Expecting value: line 1 column 2 (char 1)
[post_job_error] https://baradwajrangan.wordpress.com/2025/05/29/from-the-web-ftw-24-ilaiyaraaja-declares-theres-no-composer-like-me/ error: Expecting value: line 1 column 2 (char 1)
[post_job_error] https://baradwajrangan.wordpress.com/2025/05/29/readers-write-in-804-questions-i-want-to-ask-mr-mani-rathnam-and-mr-kamal-haasan/ error: Expecting value: line 1 column 2 (char 1)
[post_job_error] https://baradwajrangan.wordpress.com/2025/05/27/interview-ali-fazal-thug-life-khufiya-fukrey-metro-in-dino/ error: Expecting value: line 1 column 2 (char 1)
[post_job_error] https://baradwajrangan.wordpress.com/2025/05/26/readers-write-in-802-the-adventures-of-ajay-palvayanteeswaran/ error: Expecting value: line 1 column 2 (char 1)
[post_job_error] https://baradwajrangan.wordpress.com/2025/05/25/readers-write-in-802-celluloid-love/ error: Expecting value: line 1 column 2 (char 1)
[post_job_error] https://baradwajrangan.wordpress.com/2025/05/24/interview-anurag-kashyap-for-the-hindus-huddle-event-in-bengaluru/ error: Expecting value: line 1 column 2 (char 1)
[post_job_error] https://baradwajrangan.wordpress.com/2025/05/24/interview-vetri-maaran-for-the-hindus-huddle-event-in-bengaluru/ error: Expecting value: line 1 column 2 (char 1)
[post_job_error] https://baradwajrangan.wordpress.com/2025/05/24/from-the-web-ftw-23-cbfc-clears-dhadak-2-after-16-cuts-including-altered-anti-caste-references/ error: Expecting value: line 1 column 2 (char 1)
[post_job_error] https://baradwajrangan.wordpress.com/2025/05/23/interview-mani-ratnam-thug-life/ error: Expecting value: line 1 column 2 (char 1)
[post_job_error] https://baradwajrangan.wordpress.com/2025/05/22/interview-kamal-haasan-ar-rahman-str-trisha-thug-life/ error: Expecting value: line 1 column 2 (char 1)
[post_job_error] https://baradwajrangan.wordpress.com/2025/05/21/interview-vijay-sethupathi-ace/ error: Expecting value: line 1 column 2 (char 1)
[post_job_error] https://baradwajrangan.wordpress.com/2025/05/19/interview-amit-sadh-pune-highway-kai-po-che-gold-breathe/ error: Expecting value: line 1 column 2 (char 1)
[post_job_error] https://baradwajrangan.wordpress.com/2025/05/19/readers-write-in-801-%e0%ae%85%e0%ae%9f%e0%ae%bf%e0%ae%ae%e0%ae%a9-%e0%ae%a4%e0%ae%be%e0%ae%95%e0%ae%ae%e0%af%8d/ error: Expecting value: line 1 column 2 (char 1)
[post_job_error] https://baradwajrangan.wordpress.com/2025/05/17/prasanth-pandiyarajs-maaman-starring-soori-is-a-melodrama-that-quickly-loses-its-way/ error: Expecting value: line 1 column 2 (char 1)
[post_job_error] https://baradwajrangan.wordpress.com/2025/05/16/book-excerpt-side-please/ error: Expecting value: line 1 column 2 (char 1)
[post_job_error] https://baradwajrangan.wordpress.com/2025/05/15/food-for-thought-karan-johar/ error: Expecting value: line 1 column 2 (char 1)
[post_job_error] https://baradwajrangan.wordpress.com/2025/05/15/readers-write-in-800-a-tribute-to-virat-kohli-from-a-tendulkar-fan/ error: Expecting value: line 1 column 2 (char 1)
[post_job_error] https://baradwajrangan.wordpress.com/2025/05/14/interview-santhanam-devils-double-next-level/ error: Expecting value: line 1 column 2 (char 1)
[post_job_error] https://baradwajrangan.wordpress.com/2025/05/13/readers-write-in-799-ramesh-thilak-yogi-babu-and-the-power-of-the-side-character-in-contemporary-tamil-cinema/ error: Expecting value: line 1 column 2 (char 1)
[post_job_error] https://baradwajrangan.wordpress.com/2025/06/25/interview-ram-parandhu-po/ error: Expecting value: line 1 column 2 (char 1)
[post_job_error] https://baradwajrangan.wordpress.com/2025/06/14/interview-yami-gautam-article-370-dhoom-dhaam/ error: Expecting value: line 1 column 2 (char 1)
[post_job_error] https://baradwajrangan.wordpress.com/2025/06/23/interview-vishnu-manchu-kannappa/ error: Expecting value: line 1 column 2 (char 1)
[post_job_error] https://baradwajrangan.wordpress.com/2025/06/13/shahi-kabirs-beautifully-written-ronth-with-dileesh-pothan-and-roshan-matthew-is-a-compelling-and-deceptive-crime-drama/ error: Expecting value: line 1 column 2 (char 1)
[post_job_error] https://baradwajrangan.wordpress.com/2025/06/12/vinod-aks-moonwalk-is-a-delightful-time-machine-that-makes-us-relive-the-breakdance-era/ error: Expecting value: line 1 column 2 (char 1)
[post_job_error] https://baradwajrangan.wordpress.com/2025/06/22/readers-write-in-819-%e0%ae%95%e0%af%81%e0%ae%9f%e0%af%81%e0%ae%ae%e0%af%8d%e0%ae%aa%e0%ae%a4%e0%ae%b2%e0%af%88%e0%ae%b5%e0%ae%a9%e0%af%8d/ error: Expecting value: line 1 column 2 (char 1)
[post_job_error] https://baradwajrangan.wordpress.com/2025/06/12/interview-nagarjuna-akkineni-kuberaa-coolie/ error: Expecting value: line 1 column 2 (char 1)
[post_job_error] https://baradwajrangan.wordpress.com/2025/06/22/readers-write-in-818-ronth-the-mind-patroller/ error: Expecting value: line 1 column 2 (char 1)
[post_job_error] https://baradwajrangan.wordpress.com/2025/06/21/interview-devi-sri-prasad-pushpa-kuberaa/ error: Expecting value: line 1 column 2 (char 1)
[post_job_error] https://baradwajrangan.wordpress.com/2025/06/12/bitty-ruminations-98-is-it-possible-to-live-a-life-without-regrets/ error: Expecting value: line 1 column 2 (char 1)
[post_job_error] https://baradwajrangan.wordpress.com/2025/06/11/interview-team-ronth-dileesh-pothan-roshan-matthew-shahi-kabir/ error: Expecting value: line 1 column 2 (char 1)
[post_job_error] https://baradwajrangan.wordpress.com/2025/06/20/nelson-venkatesans-dna-atharvaa-nimisha-sajayan-takes-a-super-premise-and-delivers-a-generic-thriller/ error: Expecting value: line 1 column 2 (char 1)
[post_job_error] https://baradwajrangan.wordpress.com/2025/06/20/kuberaa-for-early-comments/ error: Expecting value: line 1 column 2 (char 1)
[post_job_error] https://baradwajrangan.wordpress.com/2025/06/11/readers-write-in-812-crying-over-pasamalar/ error: Expecting value: line 1 column 2 (char 1)
[post_job_error] https://baradwajrangan.wordpress.com/2025/06/20/sitaare-zameen-par-for-early-comments/ error: Expecting value: line 1 column 2 (char 1)
[post_job_error] https://baradwajrangan.wordpress.com/2025/06/10/readers-write-in-812-thug-light/ error: Expecting value: line 1 column 2 (char 1)
[post_job_error] https://baradwajrangan.wordpress.com/2025/06/20/readers-write-in-817-murder-caesar-a-thug-life-not-earned/ error: Expecting value: line 1 column 2 (char 1)
[post_job_error] https://baradwajrangan.wordpress.com/2025/06/09/interview-team-stolen-anurag-kashyap-vikramaditya-motwane-abhishek-banerjee-et-al/ error: Expecting value: line 1 column 2 (char 1)
[post_job_error] https://baradwajrangan.wordpress.com/2025/06/19/karan-tejpals-stolen-with-abhishek-banerjee-is-a-powerfully-emotional-thriller-about-the-two-indias/ error: Expecting value: line 1 column 2 (char 1)
[post_job_error] https://baradwajrangan.wordpress.com/2025/06/09/readers-write-in-811-thug-life-you-come-at-the-king-you-best-not-miss/ error: Expecting value: line 1 column 2 (char 1)
[post_job_error] https://baradwajrangan.wordpress.com/2025/06/19/interview-atharvaa-dna/ error: Expecting value: line 1 column 2 (char 1)
[post_job_error] https://baradwajrangan.wordpress.com/2025/06/08/readers-write-in-810-vintage-film-agreements/ error: Expecting value: line 1 column 2 (char 1)
[post_job_error] https://baradwajrangan.wordpress.com/2025/06/07/readers-write-in-809-%e0%ae%b5%e0%ae%b2%e0%ae%a4%e0%af%81%e0%ae%9a%e0%ae%be%e0%ae%b0%e0%ae%bf-%e0%ae%86%e0%ae%a4%e0%ae%b0%e0%ae%b5%e0%ae%be%e0%ae%b3%e0%ae%b0%e0%af%8d%e0%ae%95%e0%ae%b3%e0%af%8d/ error: Expecting value: line 1 column 2 (char 1)
[post_job_error] https://baradwajrangan.wordpress.com/2025/06/19/readers-write-in-816-bread-pakoras-in-the-city-of-djinns-bollywoods-love-affair-with-delhi/ error: Expecting value: line 1 column 2 (char 1)
[post_job_error] https://baradwajrangan.wordpress.com/2025/06/07/interview-aamir-khan-sitaare-zameen-par/ error: Expecting value: line 1 column 2 (char 1)
[post_job_error] https://baradwajrangan.wordpress.com/2025/06/17/interview-rs-prasanna-sitaare-zameen-par/ error: Expecting value: line 1 column 2 (char 1)
[post_job_error] https://baradwajrangan.wordpress.com/2025/06/17/briefly-reviewed-celine-songs-materialists/ error: Expecting value: line 1 column 2 (char 1)
[post_job_error] https://baradwajrangan.wordpress.com/2025/06/07/readers-write-in-808-thug-life-an-experience/ error: Expecting value: line 1 column 2 (char 1)
[post_job_error] https://baradwajrangan.wordpress.com/2025/06/16/interview-karthik-subbaraj-2/ error: Expecting value: line 1 column 2 (char 1)
[post_job_error] https://baradwajrangan.wordpress.com/2025/06/05/thug-life-thread-for-early-comments-until-review-is-posted/ error: Expecting value: line 1 column 2 (char 1)
[post_job_error] https://baradwajrangan.wordpress.com/2025/06/16/briefly-reviewed-mike-flanagans-the-life-of-chuck/ error: Expecting value: line 1 column 2 (char 1)
[post_job_error] https://baradwajrangan.wordpress.com/2025/06/04/readers-write-in-807-%e0%ae%92%e0%ae%b0%e0%af%81-%e0%ae%a4%e0%ae%b1%e0%af%8d%e0%ae%95%e0%af%8a%e0%ae%b2%e0%af%88/ error: Expecting value: line 1 column 2 (char 1)
[post_job_error] https://baradwajrangan.wordpress.com/2025/06/16/my-interview-on-cyrus-says/ error: Expecting value: line 1 column 2 (char 1)
[post_job_error] https://baradwajrangan.wordpress.com/2025/06/03/interview-ravi-k-chandran-thug-life/ error: Expecting value: line 1 column 2 (char 1)
[post_job_error] https://baradwajrangan.wordpress.com/2025/06/16/readers-write-in-815-from-hug-life-to-thug-life-a-tale-of-two-gangsters/ error: Expecting value: line 1 column 2 (char 1)
[post_job_error] https://baradwajrangan.wordpress.com/2025/06/02/readers-write-in-806-fare-thee-well-tiger-man/ error: Expecting value: line 1 column 2 (char 1)
[post_job_error] https://baradwajrangan.wordpress.com/2025/06/16/bribing-br/ error: Expecting value: line 1 column 2 (char 1)
[post_job_error] https://baradwajrangan.wordpress.com/2025/05/31/from-the-web-ftw-25-the-city-of-chennais-vanishing-role-in-tamil-cinema/ error: Expecting value: line 1 column 2 (char 1)
[post_job_error] https://baradwajrangan.wordpress.com/2025/06/14/readers-write-in-814-i-reference-therefore-i-am/ error: Expecting value: line 1 column 2 (char 1)
[post_job_error] https://baradwajrangan.wordpress.com/2025/05/29/readers-write-in-805-the-unfinished-reign/ error: Expecting value: line 1 column 2 (char 1)
[post_job_error] https://baradwajrangan.wordpress.com/2025/05/29/lets-talk-about-the-ott-shows-were-watching/ error: Expecting value: line 1 column 2 (char 1)
[post_job_error] https://baradwajrangan.wordpress.com/2025/05/29/from-the-web-ftw-24-ilaiyaraaja-declares-theres-no-composer-like-me/ error: Expecting value: line 1 column 2 (char 1)
[post_job_error] https://baradwajrangan.wordpress.com/2025/05/29/readers-write-in-804-questions-i-want-to-ask-mr-mani-rathnam-and-mr-kamal-haasan/ error: Expecting value: line 1 column 2 (char 1)
[post_job_error] https://baradwajrangan.wordpress.com/2025/05/27/interview-ali-fazal-thug-life-khufiya-fukrey-metro-in-dino/ error: Expecting value: line 1 column 2 (char 1)
[post_job_error] https://baradwajrangan.wordpress.com/2025/05/26/readers-write-in-802-the-adventures-of-ajay-palvayanteeswaran/ error: Expecting value: line 1 column 2 (char 1)
[post_job_error] https://baradwajrangan.wordpress.com/2025/05/25/readers-write-in-802-celluloid-love/ error: Expecting value: line 1 column 2 (char 1)
[post_job_error] https://baradwajrangan.wordpress.com/2025/05/24/interview-anurag-kashyap-for-the-hindus-huddle-event-in-bengaluru/ error: Expecting value: line 1 column 2 (char 1)
[post_job_error] https://baradwajrangan.wordpress.com/2025/05/24/interview-vetri-maaran-for-the-hindus-huddle-event-in-bengaluru/ error: Expecting value: line 1 column 2 (char 1)
[post_job_error] https://baradwajrangan.wordpress.com/2025/05/24/from-the-web-ftw-23-cbfc-clears-dhadak-2-after-16-cuts-including-altered-anti-caste-references/ error: Expecting value: line 1 column 2 (char 1)
[post_job_error] https://baradwajrangan.wordpress.com/2025/05/23/interview-mani-ratnam-thug-life/ error: Expecting value: line 1 column 2 (char 1)
[post_job_error] https://baradwajrangan.wordpress.com/2025/05/22/interview-kamal-haasan-ar-rahman-str-trisha-thug-life/ error: Expecting value: line 1 column 2 (char 1)
[post_job_error] https://baradwajrangan.wordpress.com/2025/05/21/interview-vijay-sethupathi-ace/ error: Expecting value: line 1 column 2 (char 1)
[post_job_error] https://baradwajrangan.wordpress.com/2025/05/19/interview-amit-sadh-pune-highway-kai-po-che-gold-breathe/ error: Expecting value: line 1 column 2 (char 1)
[post_job_error] https://baradwajrangan.wordpress.com/2025/05/19/readers-write-in-801-%e0%ae%85%e0%ae%9f%e0%ae%bf%e0%ae%ae%e0%ae%a9-%e0%ae%a4%e0%ae%be%e0%ae%95%e0%ae%ae%e0%af%8d/ error: Expecting value: line 1 column 2 (char 1)
[post_job_error] https://baradwajrangan.wordpress.com/2025/05/17/prasanth-pandiyarajs-maaman-starring-soori-is-a-melodrama-that-quickly-loses-its-way/ error: Expecting value: line 1 column 2 (char 1)
[post_job_error] https://baradwajrangan.wordpress.com/2025/05/16/book-excerpt-side-please/ error: Expecting value: line 1 column 2 (char 1)
[post_job_error] https://baradwajrangan.wordpress.com/2025/05/15/food-for-thought-karan-johar/ error: Expecting value: line 1 column 2 (char 1)
[post_job_error] https://baradwajrangan.wordpress.com/2025/05/15/readers-write-in-800-a-tribute-to-virat-kohli-from-a-tendulkar-fan/ error: Expecting value: line 1 column 2 (char 1)
[post_job_error] https://baradwajrangan.wordpress.com/2025/05/14/interview-santhanam-devils-double-next-level/ error: Expecting value: line 1 column 2 (char 1)
[post_job_error] https://baradwajrangan.wordpress.com/2025/05/13/readers-write-in-799-ramesh-thilak-yogi-babu-and-the-power-of-the-side-character-in-contemporary-tamil-cinema/ error: Expecting value: line 1 column 2 (char 1)
[post_job_error] https://baradwajrangan.wordpress.com/2025/06/25/interview-ram-parandhu-po/ error: Expecting value: line 1 column 2 (char 1)
[post_job_error] https://baradwajrangan.wordpress.com/2025/06/23/interview-vishnu-manchu-kannappa/ error: Expecting value: line 1 column 2 (char 1)
[post_job_error] https://baradwajrangan.wordpress.com/2025/06/22/readers-write-in-819-%e0%ae%95%e0%af%81%e0%ae%9f%e0%af%81%e0%ae%ae%e0%af%8d%e0%ae%aa%e0%ae%a4%e0%ae%b2%e0%af%88%e0%ae%b5%e0%ae%a9%e0%af%8d/ error: Expecting value: line 1 column 2 (char 1)
[post_job_error] https://baradwajrangan.wordpress.com/2025/06/22/readers-write-in-818-ronth-the-mind-patroller/ error: Expecting value: line 1 column 2 (char 1)
[post_job_error] https://baradwajrangan.wordpress.com/2025/06/21/interview-devi-sri-prasad-pushpa-kuberaa/ error: Expecting value: line 1 column 2 (char 1)
[post_job_error] https://baradwajrangan.wordpress.com/2025/06/20/nelson-venkatesans-dna-atharvaa-nimisha-sajayan-takes-a-super-premise-and-delivers-a-generic-thriller/ error: Expecting value: line 1 column 2 (char 1)
[post_job_error] https://baradwajrangan.wordpress.com/2025/06/20/kuberaa-for-early-comments/ error: Expecting value: line 1 column 2 (char 1)
[post_job_error] https://baradwajrangan.wordpress.com/2025/06/20/sitaare-zameen-par-for-early-comments/ error: Expecting value: line 1 column 2 (char 1)
[post_job_error] https://baradwajrangan.wordpress.com/2025/06/20/readers-write-in-817-murder-caesar-a-thug-life-not-earned/ error: Expecting value: line 1 column 2 (char 1)
[post_job_error] https://baradwajrangan.wordpress.com/2025/06/19/karan-tejpals-stolen-with-abhishek-banerjee-is-a-powerfully-emotional-thriller-about-the-two-indias/ error: Expecting value: line 1 column 2 (char 1)
[post_job_error] https://baradwajrangan.wordpress.com/2025/06/19/interview-atharvaa-dna/ error: Expecting value: line 1 column 2 (char 1)
[post_job_error] https://baradwajrangan.wordpress.com/2025/06/19/readers-write-in-816-bread-pakoras-in-the-city-of-djinns-bollywoods-love-affair-with-delhi/ error: Expecting value: line 1 column 2 (char 1)
[post_job_error] https://baradwajrangan.wordpress.com/2025/06/17/interview-rs-prasanna-sitaare-zameen-par/ error: Expecting value: line 1 column 2 (char 1)
[post_job_error] https://baradwajrangan.wordpress.com/2025/06/17/briefly-reviewed-celine-songs-materialists/ error: Expecting value: line 1 column 2 (char 1)
[post_job_error] https://baradwajrangan.wordpress.com/2025/06/16/interview-karthik-subbaraj-2/ error: Expecting value: line 1 column 2 (char 1)
[post_job_error] https://baradwajrangan.wordpress.com/2025/06/16/briefly-reviewed-mike-flanagans-the-life-of-chuck/ error: Expecting value: line 1 column 2 (char 1)
[post_job_error] https://baradwajrangan.wordpress.com/2025/06/16/my-interview-on-cyrus-says/ error: Expecting value: line 1 column 2 (char 1)
[post_job_error] https://baradwajrangan.wordpress.com/2025/06/16/readers-write-in-815-from-hug-life-to-thug-life-a-tale-of-two-gangsters/ error: Expecting value: line 1 column 2 (char 1)
[post_job_error] https://baradwajrangan.wordpress.com/2025/06/16/bribing-br/ error: Expecting value: line 1 column 2 (char 1)
[post_job_error] https://baradwajrangan.wordpress.com/2025/06/14/readers-write-in-814-i-reference-therefore-i-am/ error: Expecting value: line 1 column 2 (char 1)
[post_job_error] https://baradwajrangan.wordpress.com/2025/06/14/interview-yami-gautam-article-370-dhoom-dhaam/ error: Expecting value: line 1 column 2 (char 1)
[post_job_error] https://baradwajrangan.wordpress.com/2025/06/13/shahi-kabirs-beautifully-written-ronth-with-dileesh-pothan-and-roshan-matthew-is-a-compelling-and-deceptive-crime-drama/ error: Expecting value: line 1 column 2 (char 1)
[post_job_error] https://baradwajrangan.wordpress.com/2025/06/12/vinod-aks-moonwalk-is-a-delightful-time-machine-that-makes-us-relive-the-breakdance-era/ error: Expecting value: line 1 column 2 (char 1)
[post_job_error] https://baradwajrangan.wordpress.com/2025/06/12/interview-nagarjuna-akkineni-kuberaa-coolie/ error: Expecting value: line 1 column 2 (char 1)
[post_job_error] https://baradwajrangan.wordpress.com/2025/06/12/bitty-ruminations-98-is-it-possible-to-live-a-life-without-regrets/ error: Expecting value: line 1 column 2 (char 1)
[post_job_error] https://baradwajrangan.wordpress.com/2025/06/11/interview-team-ronth-dileesh-pothan-roshan-matthew-shahi-kabir/ error: Expecting value: line 1 column 2 (char 1)
[post_job_error] https://baradwajrangan.wordpress.com/2025/06/11/readers-write-in-812-crying-over-pasamalar/ error: Expecting value: line 1 column 2 (char 1)
[post_job_error] https://baradwajrangan.wordpress.com/2025/06/10/readers-write-in-812-thug-light/ error: Expecting value: line 1 column 2 (char 1)
[post_job_error] https://baradwajrangan.wordpress.com/2025/06/09/interview-team-stolen-anurag-kashyap-vikramaditya-motwane-abhishek-banerjee-et-al/ error: Expecting value: line 1 column 2 (char 1)
[post_job_error] https://baradwajrangan.wordpress.com/2025/06/09/readers-write-in-811-thug-life-you-come-at-the-king-you-best-not-miss/ error: Expecting value: line 1 column 2 (char 1)
[post_job_error] https://baradwajrangan.wordpress.com/2025/06/08/readers-write-in-810-vintage-film-agreements/ error: Expecting value: line 1 column 2 (char 1)
[post_job_error] https://baradwajrangan.wordpress.com/2025/06/07/readers-write-in-809-%e0%ae%b5%e0%ae%b2%e0%ae%a4%e0%af%81%e0%ae%9a%e0%ae%be%e0%ae%b0%e0%ae%bf-%e0%ae%86%e0%ae%a4%e0%ae%b0%e0%ae%b5%e0%ae%be%e0%ae%b3%e0%ae%b0%e0%af%8d%e0%ae%95%e0%ae%b3%e0%af%8d/ error: Expecting value: line 1 column 2 (char 1)
[post_job_error] https://baradwajrangan.wordpress.com/2025/06/07/interview-aamir-khan-sitaare-zameen-par/ error: Expecting value: line 1 column 2 (char 1)
[post_job_error] https://baradwajrangan.wordpress.com/2025/06/07/readers-write-in-808-thug-life-an-experience/ error: Expecting value: line 1 column 2 (char 1)
[post_job_error] https://baradwajrangan.wordpress.com/2025/06/05/thug-life-thread-for-early-comments-until-review-is-posted/ error: Expecting value: line 1 column 2 (char 1)
[post_job_error] https://baradwajrangan.wordpress.com/2025/06/04/readers-write-in-807-%e0%ae%92%e0%ae%b0%e0%af%81-%e0%ae%a4%e0%ae%b1%e0%af%8d%e0%ae%95%e0%af%8a%e0%ae%b2%e0%af%88/ error: Expecting value: line 1 column 2 (char 1)
[post_job_error] https://baradwajrangan.wordpress.com/2025/06/03/interview-ravi-k-chandran-thug-life/ error: Expecting value: line 1 column 2 (char 1)
[post_job_error] https://baradwajrangan.wordpress.com/2025/06/02/readers-write-in-806-fare-thee-well-tiger-man/ error: Expecting value: line 1 column 2 (char 1)
[post_job_error] https://baradwajrangan.wordpress.com/2025/05/31/from-the-web-ftw-25-the-city-of-chennais-vanishing-role-in-tamil-cinema/ error: Expecting value: line 1 column 2 (char 1)
[post_job_error] https://baradwajrangan.wordpress.com/2025/05/29/readers-write-in-805-the-unfinished-reign/ error: Expecting value: line 1 column 2 (char 1)
[post_job_error] https://baradwajrangan.wordpress.com/2025/05/29/lets-talk-about-the-ott-shows-were-watching/ error: Expecting value: line 1 column 2 (char 1)
[post_job_error] https://baradwajrangan.wordpress.com/2025/05/29/from-the-web-ftw-24-ilaiyaraaja-declares-theres-no-composer-like-me/ error: Expecting value: line 1 column 2 (char 1)
[post_job_error] https://baradwajrangan.wordpress.com/2025/05/29/readers-write-in-804-questions-i-want-to-ask-mr-mani-rathnam-and-mr-kamal-haasan/ error: Expecting value: line 1 column 2 (char 1)
[post_job_error] https://baradwajrangan.wordpress.com/2025/05/27/interview-ali-fazal-thug-life-khufiya-fukrey-metro-in-dino/ error: Expecting value: line 1 column 2 (char 1)
[post_job_error] https://baradwajrangan.wordpress.com/2025/05/26/readers-write-in-802-the-adventures-of-ajay-palvayanteeswaran/ error: Expecting value: line 1 column 2 (char 1)
[post_job_error] https://baradwajrangan.wordpress.com/2025/05/25/readers-write-in-802-celluloid-love/ error: Expecting value: line 1 column 2 (char 1)
[post_job_error] https://baradwajrangan.wordpress.com/2025/05/24/interview-anurag-kashyap-for-the-hindus-huddle-event-in-bengaluru/ error: Expecting value: line 1 column 2 (char 1)
[post_job_error] https://baradwajrangan.wordpress.com/2025/05/24/interview-vetri-maaran-for-the-hindus-huddle-event-in-bengaluru/ error: Expecting value: line 1 column 2 (char 1)
[post_job_error] https://baradwajrangan.wordpress.com/2025/05/24/from-the-web-ftw-23-cbfc-clears-dhadak-2-after-16-cuts-including-altered-anti-caste-references/ error: Expecting value: line 1 column 2 (char 1)
[post_job_error] https://baradwajrangan.wordpress.com/2025/05/23/interview-mani-ratnam-thug-life/ error: Expecting value: line 1 column 2 (char 1)
[post_job_error] https://baradwajrangan.wordpress.com/2025/05/22/interview-kamal-haasan-ar-rahman-str-trisha-thug-life/ error: Expecting value: line 1 column 2 (char 1)
[post_job_error] https://baradwajrangan.wordpress.com/2025/05/21/interview-vijay-sethupathi-ace/ error: Expecting value: line 1 column 2 (char 1)
[post_job_error] https://baradwajrangan.wordpress.com/2025/05/19/interview-amit-sadh-pune-highway-kai-po-che-gold-breathe/ error: Expecting value: line 1 column 2 (char 1)
[post_job_error] https://baradwajrangan.wordpress.com/2025/05/19/readers-write-in-801-%e0%ae%85%e0%ae%9f%e0%ae%bf%e0%ae%ae%e0%ae%a9-%e0%ae%a4%e0%ae%be%e0%ae%95%e0%ae%ae%e0%af%8d/ error: Expecting value: line 1 column 2 (char 1)
[post_job_error] https://baradwajrangan.wordpress.com/2025/05/17/prasanth-pandiyarajs-maaman-starring-soori-is-a-melodrama-that-quickly-loses-its-way/ error: Expecting value: line 1 column 2 (char 1)
[post_job_error] https://baradwajrangan.wordpress.com/2025/05/16/book-excerpt-side-please/ error: Expecting value: line 1 column 2 (char 1)
[post_job_error] https://baradwajrangan.wordpress.com/2025/05/15/food-for-thought-karan-johar/ error: Expecting value: line 1 column 2 (char 1)
[post_job_error] https://baradwajrangan.wordpress.com/2025/05/15/readers-write-in-800-a-tribute-to-virat-kohli-from-a-tendulkar-fan/ error: Expecting value: line 1 column 2 (char 1)
[post_job_error] https://baradwajrangan.wordpress.com/2025/05/14/interview-santhanam-devils-double-next-level/ error: Expecting value: line 1 column 2 (char 1)
[post_job_error] https://baradwajrangan.wordpress.com/2025/05/13/readers-write-in-799-ramesh-thilak-yogi-babu-and-the-power-of-the-side-character-in-contemporary-tamil-cinema/ error: Expecting value: line 1 column 2 (char 1)
[post_job_error] https://baradwajrangan.wordpress.com/2025/06/25/interview-ram-parandhu-po/ error: Subprocess failed: Traceback (most recent call last):
  File "/Users/ravi/Documents/GitHub/movie-review-miner/backend/crawler/parse_post.py", line 57, in <module>
    print(f"[DEBUG] Parsing {args.url}", file=sys.stderr, flush=True)
                                              ^^^
NameError: name 'sys' is not defined. Did you forget to import 'sys'?

During handling of the above exception, another exception occurred:

Traceback (most recent call last):
  File "/Users/ravi/Documents/GitHub/movie-review-miner/backend/crawler/parse_post.py", line 66, in <module>
    print(f"[ERROR] {e}", file=sys.stderr, flush=True)
                               ^^^
NameError: name 'sys' is not defined. Did you forget to import 'sys'?

[post_job_error] https://baradwajrangan.wordpress.com/2025/06/23/interview-vishnu-manchu-kannappa/ error: Subprocess failed: Traceback (most recent call last):
  File "/Users/ravi/Documents/GitHub/movie-review-miner/backend/crawler/parse_post.py", line 57, in <module>
    print(f"[DEBUG] Parsing {args.url}", file=sys.stderr, flush=True)
                                              ^^^
NameError: name 'sys' is not defined. Did you forget to import 'sys'?

During handling of the above exception, another exception occurred:

Traceback (most recent call last):
  File "/Users/ravi/Documents/GitHub/movie-review-miner/backend/crawler/parse_post.py", line 66, in <module>
    print(f"[ERROR] {e}", file=sys.stderr, flush=True)
                               ^^^
NameError: name 'sys' is not defined. Did you forget to import 'sys'?

[post_job_error] https://baradwajrangan.wordpress.com/2025/06/22/readers-write-in-819-%e0%ae%95%e0%af%81%e0%ae%9f%e0%af%81%e0%ae%ae%e0%af%8d%e0%ae%aa%e0%ae%a4%e0%ae%b2%e0%af%88%e0%ae%b5%e0%ae%a9%e0%af%8d/ error: Subprocess failed: Traceback (most recent call last):
  File "/Users/ravi/Documents/GitHub/movie-review-miner/backend/crawler/parse_post.py", line 57, in <module>
    print(f"[DEBUG] Parsing {args.url}", file=sys.stderr, flush=True)
                                              ^^^
NameError: name 'sys' is not defined. Did you forget to import 'sys'?

During handling of the above exception, another exception occurred:

Traceback (most recent call last):
  File "/Users/ravi/Documents/GitHub/movie-review-miner/backend/crawler/parse_post.py", line 66, in <module>
    print(f"[ERROR] {e}", file=sys.stderr, flush=True)
                               ^^^
NameError: name 'sys' is not defined. Did you forget to import 'sys'?

[post_job_error] https://baradwajrangan.wordpress.com/2025/06/22/readers-write-in-818-ronth-the-mind-patroller/ error: Subprocess failed: Traceback (most recent call last):
  File "/Users/ravi/Documents/GitHub/movie-review-miner/backend/crawler/parse_post.py", line 57, in <module>
    print(f"[DEBUG] Parsing {args.url}", file=sys.stderr, flush=True)
                                              ^^^
NameError: name 'sys' is not defined. Did you forget to import 'sys'?

During handling of the above exception, another exception occurred:

Traceback (most recent call last):
  File "/Users/ravi/Documents/GitHub/movie-review-miner/backend/crawler/parse_post.py", line 66, in <module>
    print(f"[ERROR] {e}", file=sys.stderr, flush=True)
                               ^^^
NameError: name 'sys' is not defined. Did you forget to import 'sys'?

[post_job_error] https://baradwajrangan.wordpress.com/2025/06/21/interview-devi-sri-prasad-pushpa-kuberaa/ error: Subprocess failed: Traceback (most recent call last):
  File "/Users/ravi/Documents/GitHub/movie-review-miner/backend/crawler/parse_post.py", line 57, in <module>
    print(f"[DEBUG] Parsing {args.url}", file=sys.stderr, flush=True)
                                              ^^^
NameError: name 'sys' is not defined. Did you forget to import 'sys'?

During handling of the above exception, another exception occurred:

Traceback (most recent call last):
  File "/Users/ravi/Documents/GitHub/movie-review-miner/backend/crawler/parse_post.py", line 66, in <module>
    print(f"[ERROR] {e}", file=sys.stderr, flush=True)
                               ^^^
NameError: name 'sys' is not defined. Did you forget to import 'sys'?

[post_job_error] https://baradwajrangan.wordpress.com/2025/06/20/nelson-venkatesans-dna-atharvaa-nimisha-sajayan-takes-a-super-premise-and-delivers-a-generic-thriller/ error: Subprocess failed: Traceback (most recent call last):
  File "/Users/ravi/Documents/GitHub/movie-review-miner/backend/crawler/parse_post.py", line 57, in <module>
    print(f"[DEBUG] Parsing {args.url}", file=sys.stderr, flush=True)
                                              ^^^
NameError: name 'sys' is not defined. Did you forget to import 'sys'?

During handling of the above exception, another exception occurred:

Traceback (most recent call last):
  File "/Users/ravi/Documents/GitHub/movie-review-miner/backend/crawler/parse_post.py", line 66, in <module>
    print(f"[ERROR] {e}", file=sys.stderr, flush=True)
                               ^^^
NameError: name 'sys' is not defined. Did you forget to import 'sys'?

[post_job_error] https://baradwajrangan.wordpress.com/2025/06/20/kuberaa-for-early-comments/ error: Subprocess failed: Traceback (most recent call last):
  File "/Users/ravi/Documents/GitHub/movie-review-miner/backend/crawler/parse_post.py", line 57, in <module>
    print(f"[DEBUG] Parsing {args.url}", file=sys.stderr, flush=True)
                                              ^^^
NameError: name 'sys' is not defined. Did you forget to import 'sys'?

During handling of the above exception, another exception occurred:

Traceback (most recent call last):
  File "/Users/ravi/Documents/GitHub/movie-review-miner/backend/crawler/parse_post.py", line 66, in <module>
    print(f"[ERROR] {e}", file=sys.stderr, flush=True)
                               ^^^
NameError: name 'sys' is not defined. Did you forget to import 'sys'?

[post_job_error] https://baradwajrangan.wordpress.com/2025/06/20/sitaare-zameen-par-for-early-comments/ error: Subprocess failed: Traceback (most recent call last):
  File "/Users/ravi/Documents/GitHub/movie-review-miner/backend/crawler/parse_post.py", line 57, in <module>
    print(f"[DEBUG] Parsing {args.url}", file=sys.stderr, flush=True)
                                              ^^^
NameError: name 'sys' is not defined. Did you forget to import 'sys'?

During handling of the above exception, another exception occurred:

Traceback (most recent call last):
  File "/Users/ravi/Documents/GitHub/movie-review-miner/backend/crawler/parse_post.py", line 66, in <module>
    print(f"[ERROR] {e}", file=sys.stderr, flush=True)
                               ^^^
NameError: name 'sys' is not defined. Did you forget to import 'sys'?

[post_job_error] https://baradwajrangan.wordpress.com/2025/06/20/readers-write-in-817-murder-caesar-a-thug-life-not-earned/ error: Subprocess failed: Traceback (most recent call last):
  File "/Users/ravi/Documents/GitHub/movie-review-miner/backend/crawler/parse_post.py", line 57, in <module>
    print(f"[DEBUG] Parsing {args.url}", file=sys.stderr, flush=True)
                                              ^^^
NameError: name 'sys' is not defined. Did you forget to import 'sys'?

During handling of the above exception, another exception occurred:

Traceback (most recent call last):
  File "/Users/ravi/Documents/GitHub/movie-review-miner/backend/crawler/parse_post.py", line 66, in <module>
    print(f"[ERROR] {e}", file=sys.stderr, flush=True)
                               ^^^
NameError: name 'sys' is not defined. Did you forget to import 'sys'?

[post_job_error] https://baradwajrangan.wordpress.com/2025/06/19/karan-tejpals-stolen-with-abhishek-banerjee-is-a-powerfully-emotional-thriller-about-the-two-indias/ error: Subprocess failed: Traceback (most recent call last):
  File "/Users/ravi/Documents/GitHub/movie-review-miner/backend/crawler/parse_post.py", line 57, in <module>
    print(f"[DEBUG] Parsing {args.url}", file=sys.stderr, flush=True)
                                              ^^^
NameError: name 'sys' is not defined. Did you forget to import 'sys'?

During handling of the above exception, another exception occurred:

Traceback (most recent call last):
  File "/Users/ravi/Documents/GitHub/movie-review-miner/backend/crawler/parse_post.py", line 66, in <module>
    print(f"[ERROR] {e}", file=sys.stderr, flush=True)
                               ^^^
NameError: name 'sys' is not defined. Did you forget to import 'sys'?

[post_job_error] https://baradwajrangan.wordpress.com/2025/06/19/interview-atharvaa-dna/ error: Subprocess failed: Traceback (most recent call last):
  File "/Users/ravi/Documents/GitHub/movie-review-miner/backend/crawler/parse_post.py", line 57, in <module>
    print(f"[DEBUG] Parsing {args.url}", file=sys.stderr, flush=True)
                                              ^^^
NameError: name 'sys' is not defined. Did you forget to import 'sys'?

During handling of the above exception, another exception occurred:

Traceback (most recent call last):
  File "/Users/ravi/Documents/GitHub/movie-review-miner/backend/crawler/parse_post.py", line 66, in <module>
    print(f"[ERROR] {e}", file=sys.stderr, flush=True)
                               ^^^
NameError: name 'sys' is not defined. Did you forget to import 'sys'?

[post_job_error] https://baradwajrangan.wordpress.com/2025/06/19/readers-write-in-816-bread-pakoras-in-the-city-of-djinns-bollywoods-love-affair-with-delhi/ error: Subprocess failed: Traceback (most recent call last):
  File "/Users/ravi/Documents/GitHub/movie-review-miner/backend/crawler/parse_post.py", line 57, in <module>
    print(f"[DEBUG] Parsing {args.url}", file=sys.stderr, flush=True)
                                              ^^^
NameError: name 'sys' is not defined. Did you forget to import 'sys'?

During handling of the above exception, another exception occurred:

Traceback (most recent call last):
  File "/Users/ravi/Documents/GitHub/movie-review-miner/backend/crawler/parse_post.py", line 66, in <module>
    print(f"[ERROR] {e}", file=sys.stderr, flush=True)
                               ^^^
NameError: name 'sys' is not defined. Did you forget to import 'sys'?

[post_job_error] https://baradwajrangan.wordpress.com/2025/06/17/interview-rs-prasanna-sitaare-zameen-par/ error: Subprocess failed: Traceback (most recent call last):
  File "/Users/ravi/Documents/GitHub/movie-review-miner/backend/crawler/parse_post.py", line 57, in <module>
    print(f"[DEBUG] Parsing {args.url}", file=sys.stderr, flush=True)
                                              ^^^
NameError: name 'sys' is not defined. Did you forget to import 'sys'?

During handling of the above exception, another exception occurred:

Traceback (most recent call last):
  File "/Users/ravi/Documents/GitHub/movie-review-miner/backend/crawler/parse_post.py", line 66, in <module>
    print(f"[ERROR] {e}", file=sys.stderr, flush=True)
                               ^^^
NameError: name 'sys' is not defined. Did you forget to import 'sys'?

[post_job_error] https://baradwajrangan.wordpress.com/2025/06/17/briefly-reviewed-celine-songs-materialists/ error: Subprocess failed: Traceback (most recent call last):
  File "/Users/ravi/Documents/GitHub/movie-review-miner/backend/crawler/parse_post.py", line 57, in <module>
    print(f"[DEBUG] Parsing {args.url}", file=sys.stderr, flush=True)
                                              ^^^
NameError: name 'sys' is not defined. Did you forget to import 'sys'?

During handling of the above exception, another exception occurred:

Traceback (most recent call last):
  File "/Users/ravi/Documents/GitHub/movie-review-miner/backend/crawler/parse_post.py", line 66, in <module>
    print(f"[ERROR] {e}", file=sys.stderr, flush=True)
                               ^^^
NameError: name 'sys' is not defined. Did you forget to import 'sys'?

[post_job_error] https://baradwajrangan.wordpress.com/2025/06/16/interview-karthik-subbaraj-2/ error: Subprocess failed: Traceback (most recent call last):
  File "/Users/ravi/Documents/GitHub/movie-review-miner/backend/crawler/parse_post.py", line 57, in <module>
    print(f"[DEBUG] Parsing {args.url}", file=sys.stderr, flush=True)
                                              ^^^
NameError: name 'sys' is not defined. Did you forget to import 'sys'?

During handling of the above exception, another exception occurred:

Traceback (most recent call last):
  File "/Users/ravi/Documents/GitHub/movie-review-miner/backend/crawler/parse_post.py", line 66, in <module>
    print(f"[ERROR] {e}", file=sys.stderr, flush=True)
                               ^^^
NameError: name 'sys' is not defined. Did you forget to import 'sys'?

[post_job_error] https://baradwajrangan.wordpress.com/2025/06/16/briefly-reviewed-mike-flanagans-the-life-of-chuck/ error: Subprocess failed: Traceback (most recent call last):
  File "/Users/ravi/Documents/GitHub/movie-review-miner/backend/crawler/parse_post.py", line 57, in <module>
    print(f"[DEBUG] Parsing {args.url}", file=sys.stderr, flush=True)
                                              ^^^
NameError: name 'sys' is not defined. Did you forget to import 'sys'?

During handling of the above exception, another exception occurred:

Traceback (most recent call last):
  File "/Users/ravi/Documents/GitHub/movie-review-miner/backend/crawler/parse_post.py", line 66, in <module>
    print(f"[ERROR] {e}", file=sys.stderr, flush=True)
                               ^^^
NameError: name 'sys' is not defined. Did you forget to import 'sys'?

[post_job_error] https://baradwajrangan.wordpress.com/2025/06/16/my-interview-on-cyrus-says/ error: Subprocess failed: Traceback (most recent call last):
  File "/Users/ravi/Documents/GitHub/movie-review-miner/backend/crawler/parse_post.py", line 57, in <module>
    print(f"[DEBUG] Parsing {args.url}", file=sys.stderr, flush=True)
                                              ^^^
NameError: name 'sys' is not defined. Did you forget to import 'sys'?

During handling of the above exception, another exception occurred:

Traceback (most recent call last):
  File "/Users/ravi/Documents/GitHub/movie-review-miner/backend/crawler/parse_post.py", line 66, in <module>
    print(f"[ERROR] {e}", file=sys.stderr, flush=True)
                               ^^^
NameError: name 'sys' is not defined. Did you forget to import 'sys'?

[post_job_error] https://baradwajrangan.wordpress.com/2025/06/16/readers-write-in-815-from-hug-life-to-thug-life-a-tale-of-two-gangsters/ error: Subprocess failed: Traceback (most recent call last):
  File "/Users/ravi/Documents/GitHub/movie-review-miner/backend/crawler/parse_post.py", line 57, in <module>
    print(f"[DEBUG] Parsing {args.url}", file=sys.stderr, flush=True)
                                              ^^^
NameError: name 'sys' is not defined. Did you forget to import 'sys'?

During handling of the above exception, another exception occurred:

Traceback (most recent call last):
  File "/Users/ravi/Documents/GitHub/movie-review-miner/backend/crawler/parse_post.py", line 66, in <module>
    print(f"[ERROR] {e}", file=sys.stderr, flush=True)
                               ^^^
NameError: name 'sys' is not defined. Did you forget to import 'sys'?

[post_job_error] https://baradwajrangan.wordpress.com/2025/06/16/bribing-br/ error: Subprocess failed: Traceback (most recent call last):
  File "/Users/ravi/Documents/GitHub/movie-review-miner/backend/crawler/parse_post.py", line 57, in <module>
    print(f"[DEBUG] Parsing {args.url}", file=sys.stderr, flush=True)
                                              ^^^
NameError: name 'sys' is not defined. Did you forget to import 'sys'?

During handling of the above exception, another exception occurred:

Traceback (most recent call last):
  File "/Users/ravi/Documents/GitHub/movie-review-miner/backend/crawler/parse_post.py", line 66, in <module>
    print(f"[ERROR] {e}", file=sys.stderr, flush=True)
                               ^^^
NameError: name 'sys' is not defined. Did you forget to import 'sys'?

[post_job_error] https://baradwajrangan.wordpress.com/2025/06/14/readers-write-in-814-i-reference-therefore-i-am/ error: Subprocess failed: Traceback (most recent call last):
  File "/Users/ravi/Documents/GitHub/movie-review-miner/backend/crawler/parse_post.py", line 57, in <module>
    print(f"[DEBUG] Parsing {args.url}", file=sys.stderr, flush=True)
                                              ^^^
NameError: name 'sys' is not defined. Did you forget to import 'sys'?

During handling of the above exception, another exception occurred:

Traceback (most recent call last):
  File "/Users/ravi/Documents/GitHub/movie-review-miner/backend/crawler/parse_post.py", line 66, in <module>
    print(f"[ERROR] {e}", file=sys.stderr, flush=True)
                               ^^^
NameError: name 'sys' is not defined. Did you forget to import 'sys'?

[post_job_error] https://baradwajrangan.wordpress.com/2025/06/14/interview-yami-gautam-article-370-dhoom-dhaam/ error: Subprocess failed: Traceback (most recent call last):
  File "/Users/ravi/Documents/GitHub/movie-review-miner/backend/crawler/parse_post.py", line 57, in <module>
    print(f"[DEBUG] Parsing {args.url}", file=sys.stderr, flush=True)
                                              ^^^
NameError: name 'sys' is not defined. Did you forget to import 'sys'?

During handling of the above exception, another exception occurred:

Traceback (most recent call last):
  File "/Users/ravi/Documents/GitHub/movie-review-miner/backend/crawler/parse_post.py", line 66, in <module>
    print(f"[ERROR] {e}", file=sys.stderr, flush=True)
                               ^^^
NameError: name 'sys' is not defined. Did you forget to import 'sys'?

[post_job_error] https://baradwajrangan.wordpress.com/2025/06/13/shahi-kabirs-beautifully-written-ronth-with-dileesh-pothan-and-roshan-matthew-is-a-compelling-and-deceptive-crime-drama/ error: Subprocess failed: Traceback (most recent call last):
  File "/Users/ravi/Documents/GitHub/movie-review-miner/backend/crawler/parse_post.py", line 57, in <module>
    print(f"[DEBUG] Parsing {args.url}", file=sys.stderr, flush=True)
                                              ^^^
NameError: name 'sys' is not defined. Did you forget to import 'sys'?

During handling of the above exception, another exception occurred:

Traceback (most recent call last):
  File "/Users/ravi/Documents/GitHub/movie-review-miner/backend/crawler/parse_post.py", line 66, in <module>
    print(f"[ERROR] {e}", file=sys.stderr, flush=True)
                               ^^^
NameError: name 'sys' is not defined. Did you forget to import 'sys'?

[post_job_error] https://baradwajrangan.wordpress.com/2025/06/12/vinod-aks-moonwalk-is-a-delightful-time-machine-that-makes-us-relive-the-breakdance-era/ error: Subprocess failed: Traceback (most recent call last):
  File "/Users/ravi/Documents/GitHub/movie-review-miner/backend/crawler/parse_post.py", line 57, in <module>
    print(f"[DEBUG] Parsing {args.url}", file=sys.stderr, flush=True)
                                              ^^^
NameError: name 'sys' is not defined. Did you forget to import 'sys'?

During handling of the above exception, another exception occurred:

Traceback (most recent call last):
  File "/Users/ravi/Documents/GitHub/movie-review-miner/backend/crawler/parse_post.py", line 66, in <module>
    print(f"[ERROR] {e}", file=sys.stderr, flush=True)
                               ^^^
NameError: name 'sys' is not defined. Did you forget to import 'sys'?

[post_job_error] https://baradwajrangan.wordpress.com/2025/06/12/interview-nagarjuna-akkineni-kuberaa-coolie/ error: Subprocess failed: Traceback (most recent call last):
  File "/Users/ravi/Documents/GitHub/movie-review-miner/backend/crawler/parse_post.py", line 57, in <module>
    print(f"[DEBUG] Parsing {args.url}", file=sys.stderr, flush=True)
                                              ^^^
NameError: name 'sys' is not defined. Did you forget to import 'sys'?

During handling of the above exception, another exception occurred:

Traceback (most recent call last):
  File "/Users/ravi/Documents/GitHub/movie-review-miner/backend/crawler/parse_post.py", line 66, in <module>
    print(f"[ERROR] {e}", file=sys.stderr, flush=True)
                               ^^^
NameError: name 'sys' is not defined. Did you forget to import 'sys'?

[post_job_error] https://baradwajrangan.wordpress.com/2025/06/12/bitty-ruminations-98-is-it-possible-to-live-a-life-without-regrets/ error: Subprocess failed: Traceback (most recent call last):
  File "/Users/ravi/Documents/GitHub/movie-review-miner/backend/crawler/parse_post.py", line 57, in <module>
    print(f"[DEBUG] Parsing {args.url}", file=sys.stderr, flush=True)
                                              ^^^
NameError: name 'sys' is not defined. Did you forget to import 'sys'?

During handling of the above exception, another exception occurred:

Traceback (most recent call last):
  File "/Users/ravi/Documents/GitHub/movie-review-miner/backend/crawler/parse_post.py", line 66, in <module>
    print(f"[ERROR] {e}", file=sys.stderr, flush=True)
                               ^^^
NameError: name 'sys' is not defined. Did you forget to import 'sys'?

[post_job_error] https://baradwajrangan.wordpress.com/2025/06/11/interview-team-ronth-dileesh-pothan-roshan-matthew-shahi-kabir/ error: Subprocess failed: Traceback (most recent call last):
  File "/Users/ravi/Documents/GitHub/movie-review-miner/backend/crawler/parse_post.py", line 57, in <module>
    print(f"[DEBUG] Parsing {args.url}", file=sys.stderr, flush=True)
                                              ^^^
NameError: name 'sys' is not defined. Did you forget to import 'sys'?

During handling of the above exception, another exception occurred:

Traceback (most recent call last):
  File "/Users/ravi/Documents/GitHub/movie-review-miner/backend/crawler/parse_post.py", line 66, in <module>
    print(f"[ERROR] {e}", file=sys.stderr, flush=True)
                               ^^^
NameError: name 'sys' is not defined. Did you forget to import 'sys'?

[post_job_error] https://baradwajrangan.wordpress.com/2025/06/11/readers-write-in-812-crying-over-pasamalar/ error: Subprocess failed: Traceback (most recent call last):
  File "/Users/ravi/Documents/GitHub/movie-review-miner/backend/crawler/parse_post.py", line 57, in <module>
    print(f"[DEBUG] Parsing {args.url}", file=sys.stderr, flush=True)
                                              ^^^
NameError: name 'sys' is not defined. Did you forget to import 'sys'?

During handling of the above exception, another exception occurred:

Traceback (most recent call last):
  File "/Users/ravi/Documents/GitHub/movie-review-miner/backend/crawler/parse_post.py", line 66, in <module>
    print(f"[ERROR] {e}", file=sys.stderr, flush=True)
                               ^^^
NameError: name 'sys' is not defined. Did you forget to import 'sys'?

[post_job_error] https://baradwajrangan.wordpress.com/2025/06/10/readers-write-in-812-thug-light/ error: Subprocess failed: Traceback (most recent call last):
  File "/Users/ravi/Documents/GitHub/movie-review-miner/backend/crawler/parse_post.py", line 57, in <module>
    print(f"[DEBUG] Parsing {args.url}", file=sys.stderr, flush=True)
                                              ^^^
NameError: name 'sys' is not defined. Did you forget to import 'sys'?

During handling of the above exception, another exception occurred:

Traceback (most recent call last):
  File "/Users/ravi/Documents/GitHub/movie-review-miner/backend/crawler/parse_post.py", line 66, in <module>
    print(f"[ERROR] {e}", file=sys.stderr, flush=True)
                               ^^^
NameError: name 'sys' is not defined. Did you forget to import 'sys'?

[post_job_error] https://baradwajrangan.wordpress.com/2025/06/09/interview-team-stolen-anurag-kashyap-vikramaditya-motwane-abhishek-banerjee-et-al/ error: Subprocess failed: Traceback (most recent call last):
  File "/Users/ravi/Documents/GitHub/movie-review-miner/backend/crawler/parse_post.py", line 57, in <module>
    print(f"[DEBUG] Parsing {args.url}", file=sys.stderr, flush=True)
                                              ^^^
NameError: name 'sys' is not defined. Did you forget to import 'sys'?

During handling of the above exception, another exception occurred:

Traceback (most recent call last):
  File "/Users/ravi/Documents/GitHub/movie-review-miner/backend/crawler/parse_post.py", line 66, in <module>
    print(f"[ERROR] {e}", file=sys.stderr, flush=True)
                               ^^^
NameError: name 'sys' is not defined. Did you forget to import 'sys'?

[post_job_error] https://baradwajrangan.wordpress.com/2025/06/09/readers-write-in-811-thug-life-you-come-at-the-king-you-best-not-miss/ error: Subprocess failed: Traceback (most recent call last):
  File "/Users/ravi/Documents/GitHub/movie-review-miner/backend/crawler/parse_post.py", line 57, in <module>
    print(f"[DEBUG] Parsing {args.url}", file=sys.stderr, flush=True)
                                              ^^^
NameError: name 'sys' is not defined. Did you forget to import 'sys'?

During handling of the above exception, another exception occurred:

Traceback (most recent call last):
  File "/Users/ravi/Documents/GitHub/movie-review-miner/backend/crawler/parse_post.py", line 66, in <module>
    print(f"[ERROR] {e}", file=sys.stderr, flush=True)
                               ^^^
NameError: name 'sys' is not defined. Did you forget to import 'sys'?

[post_job_error] https://baradwajrangan.wordpress.com/2025/06/08/readers-write-in-810-vintage-film-agreements/ error: Subprocess failed: Traceback (most recent call last):
  File "/Users/ravi/Documents/GitHub/movie-review-miner/backend/crawler/parse_post.py", line 57, in <module>
    print(f"[DEBUG] Parsing {args.url}", file=sys.stderr, flush=True)
                                              ^^^
NameError: name 'sys' is not defined. Did you forget to import 'sys'?

During handling of the above exception, another exception occurred:

Traceback (most recent call last):
  File "/Users/ravi/Documents/GitHub/movie-review-miner/backend/crawler/parse_post.py", line 66, in <module>
    print(f"[ERROR] {e}", file=sys.stderr, flush=True)
                               ^^^
NameError: name 'sys' is not defined. Did you forget to import 'sys'?

[post_job_error] https://baradwajrangan.wordpress.com/2025/06/07/readers-write-in-809-%e0%ae%b5%e0%ae%b2%e0%ae%a4%e0%af%81%e0%ae%9a%e0%ae%be%e0%ae%b0%e0%ae%bf-%e0%ae%86%e0%ae%a4%e0%ae%b0%e0%ae%b5%e0%ae%be%e0%ae%b3%e0%ae%b0%e0%af%8d%e0%ae%95%e0%ae%b3%e0%af%8d/ error: Subprocess failed: Traceback (most recent call last):
  File "/Users/ravi/Documents/GitHub/movie-review-miner/backend/crawler/parse_post.py", line 57, in <module>
    print(f"[DEBUG] Parsing {args.url}", file=sys.stderr, flush=True)
                                              ^^^
NameError: name 'sys' is not defined. Did you forget to import 'sys'?

During handling of the above exception, another exception occurred:

Traceback (most recent call last):
  File "/Users/ravi/Documents/GitHub/movie-review-miner/backend/crawler/parse_post.py", line 66, in <module>
    print(f"[ERROR] {e}", file=sys.stderr, flush=True)
                               ^^^
NameError: name 'sys' is not defined. Did you forget to import 'sys'?

[post_job_error] https://baradwajrangan.wordpress.com/2025/06/07/interview-aamir-khan-sitaare-zameen-par/ error: Subprocess failed: Traceback (most recent call last):
  File "/Users/ravi/Documents/GitHub/movie-review-miner/backend/crawler/parse_post.py", line 57, in <module>
    print(f"[DEBUG] Parsing {args.url}", file=sys.stderr, flush=True)
                                              ^^^
NameError: name 'sys' is not defined. Did you forget to import 'sys'?

During handling of the above exception, another exception occurred:

Traceback (most recent call last):
  File "/Users/ravi/Documents/GitHub/movie-review-miner/backend/crawler/parse_post.py", line 66, in <module>
    print(f"[ERROR] {e}", file=sys.stderr, flush=True)
                               ^^^
NameError: name 'sys' is not defined. Did you forget to import 'sys'?

[post_job_error] https://baradwajrangan.wordpress.com/2025/06/07/readers-write-in-808-thug-life-an-experience/ error: Subprocess failed: Traceback (most recent call last):
  File "/Users/ravi/Documents/GitHub/movie-review-miner/backend/crawler/parse_post.py", line 57, in <module>
    print(f"[DEBUG] Parsing {args.url}", file=sys.stderr, flush=True)
                                              ^^^
NameError: name 'sys' is not defined. Did you forget to import 'sys'?

During handling of the above exception, another exception occurred:

Traceback (most recent call last):
  File "/Users/ravi/Documents/GitHub/movie-review-miner/backend/crawler/parse_post.py", line 66, in <module>
    print(f"[ERROR] {e}", file=sys.stderr, flush=True)
                               ^^^
NameError: name 'sys' is not defined. Did you forget to import 'sys'?

[post_job_error] https://baradwajrangan.wordpress.com/2025/06/05/thug-life-thread-for-early-comments-until-review-is-posted/ error: Subprocess failed: Traceback (most recent call last):
  File "/Users/ravi/Documents/GitHub/movie-review-miner/backend/crawler/parse_post.py", line 57, in <module>
    print(f"[DEBUG] Parsing {args.url}", file=sys.stderr, flush=True)
                                              ^^^
NameError: name 'sys' is not defined. Did you forget to import 'sys'?

During handling of the above exception, another exception occurred:

Traceback (most recent call last):
  File "/Users/ravi/Documents/GitHub/movie-review-miner/backend/crawler/parse_post.py", line 66, in <module>
    print(f"[ERROR] {e}", file=sys.stderr, flush=True)
                               ^^^
NameError: name 'sys' is not defined. Did you forget to import 'sys'?

[post_job_error] https://baradwajrangan.wordpress.com/2025/06/04/readers-write-in-807-%e0%ae%92%e0%ae%b0%e0%af%81-%e0%ae%a4%e0%ae%b1%e0%af%8d%e0%ae%95%e0%af%8a%e0%ae%b2%e0%af%88/ error: Subprocess failed: Traceback (most recent call last):
  File "/Users/ravi/Documents/GitHub/movie-review-miner/backend/crawler/parse_post.py", line 57, in <module>
    print(f"[DEBUG] Parsing {args.url}", file=sys.stderr, flush=True)
                                              ^^^
NameError: name 'sys' is not defined. Did you forget to import 'sys'?

During handling of the above exception, another exception occurred:

Traceback (most recent call last):
  File "/Users/ravi/Documents/GitHub/movie-review-miner/backend/crawler/parse_post.py", line 66, in <module>
    print(f"[ERROR] {e}", file=sys.stderr, flush=True)
                               ^^^
NameError: name 'sys' is not defined. Did you forget to import 'sys'?

[post_job_error] https://baradwajrangan.wordpress.com/2025/06/03/interview-ravi-k-chandran-thug-life/ error: Subprocess failed: Traceback (most recent call last):
  File "/Users/ravi/Documents/GitHub/movie-review-miner/backend/crawler/parse_post.py", line 57, in <module>
    print(f"[DEBUG] Parsing {args.url}", file=sys.stderr, flush=True)
                                              ^^^
NameError: name 'sys' is not defined. Did you forget to import 'sys'?

During handling of the above exception, another exception occurred:

Traceback (most recent call last):
  File "/Users/ravi/Documents/GitHub/movie-review-miner/backend/crawler/parse_post.py", line 66, in <module>
    print(f"[ERROR] {e}", file=sys.stderr, flush=True)
                               ^^^
NameError: name 'sys' is not defined. Did you forget to import 'sys'?

[post_job_error] https://baradwajrangan.wordpress.com/2025/06/02/readers-write-in-806-fare-thee-well-tiger-man/ error: Subprocess failed: Traceback (most recent call last):
  File "/Users/ravi/Documents/GitHub/movie-review-miner/backend/crawler/parse_post.py", line 57, in <module>
    print(f"[DEBUG] Parsing {args.url}", file=sys.stderr, flush=True)
                                              ^^^
NameError: name 'sys' is not defined. Did you forget to import 'sys'?

During handling of the above exception, another exception occurred:

Traceback (most recent call last):
  File "/Users/ravi/Documents/GitHub/movie-review-miner/backend/crawler/parse_post.py", line 66, in <module>
    print(f"[ERROR] {e}", file=sys.stderr, flush=True)
                               ^^^
NameError: name 'sys' is not defined. Did you forget to import 'sys'?

[post_job_error] https://baradwajrangan.wordpress.com/2025/05/31/from-the-web-ftw-25-the-city-of-chennais-vanishing-role-in-tamil-cinema/ error: Subprocess failed: Traceback (most recent call last):
  File "/Users/ravi/Documents/GitHub/movie-review-miner/backend/crawler/parse_post.py", line 57, in <module>
    print(f"[DEBUG] Parsing {args.url}", file=sys.stderr, flush=True)
                                              ^^^
NameError: name 'sys' is not defined. Did you forget to import 'sys'?

During handling of the above exception, another exception occurred:

Traceback (most recent call last):
  File "/Users/ravi/Documents/GitHub/movie-review-miner/backend/crawler/parse_post.py", line 66, in <module>
    print(f"[ERROR] {e}", file=sys.stderr, flush=True)
                               ^^^
NameError: name 'sys' is not defined. Did you forget to import 'sys'?

[post_job_error] https://baradwajrangan.wordpress.com/2025/05/29/readers-write-in-805-the-unfinished-reign/ error: Subprocess failed: Traceback (most recent call last):
  File "/Users/ravi/Documents/GitHub/movie-review-miner/backend/crawler/parse_post.py", line 57, in <module>
    print(f"[DEBUG] Parsing {args.url}", file=sys.stderr, flush=True)
                                              ^^^
NameError: name 'sys' is not defined. Did you forget to import 'sys'?

During handling of the above exception, another exception occurred:

Traceback (most recent call last):
  File "/Users/ravi/Documents/GitHub/movie-review-miner/backend/crawler/parse_post.py", line 66, in <module>
    print(f"[ERROR] {e}", file=sys.stderr, flush=True)
                               ^^^
NameError: name 'sys' is not defined. Did you forget to import 'sys'?

[post_job_error] https://baradwajrangan.wordpress.com/2025/05/29/lets-talk-about-the-ott-shows-were-watching/ error: Subprocess failed: Traceback (most recent call last):
  File "/Users/ravi/Documents/GitHub/movie-review-miner/backend/crawler/parse_post.py", line 57, in <module>
    print(f"[DEBUG] Parsing {args.url}", file=sys.stderr, flush=True)
                                              ^^^
NameError: name 'sys' is not defined. Did you forget to import 'sys'?

During handling of the above exception, another exception occurred:

Traceback (most recent call last):
  File "/Users/ravi/Documents/GitHub/movie-review-miner/backend/crawler/parse_post.py", line 66, in <module>
    print(f"[ERROR] {e}", file=sys.stderr, flush=True)
                               ^^^
NameError: name 'sys' is not defined. Did you forget to import 'sys'?

[post_job_error] https://baradwajrangan.wordpress.com/2025/05/29/from-the-web-ftw-24-ilaiyaraaja-declares-theres-no-composer-like-me/ error: Subprocess failed: Traceback (most recent call last):
  File "/Users/ravi/Documents/GitHub/movie-review-miner/backend/crawler/parse_post.py", line 57, in <module>
    print(f"[DEBUG] Parsing {args.url}", file=sys.stderr, flush=True)
                                              ^^^
NameError: name 'sys' is not defined. Did you forget to import 'sys'?

During handling of the above exception, another exception occurred:

Traceback (most recent call last):
  File "/Users/ravi/Documents/GitHub/movie-review-miner/backend/crawler/parse_post.py", line 66, in <module>
    print(f"[ERROR] {e}", file=sys.stderr, flush=True)
                               ^^^
NameError: name 'sys' is not defined. Did you forget to import 'sys'?

[post_job_error] https://baradwajrangan.wordpress.com/2025/05/29/readers-write-in-804-questions-i-want-to-ask-mr-mani-rathnam-and-mr-kamal-haasan/ error: Subprocess failed: Traceback (most recent call last):
  File "/Users/ravi/Documents/GitHub/movie-review-miner/backend/crawler/parse_post.py", line 57, in <module>
    print(f"[DEBUG] Parsing {args.url}", file=sys.stderr, flush=True)
                                              ^^^
NameError: name 'sys' is not defined. Did you forget to import 'sys'?

During handling of the above exception, another exception occurred:

Traceback (most recent call last):
  File "/Users/ravi/Documents/GitHub/movie-review-miner/backend/crawler/parse_post.py", line 66, in <module>
    print(f"[ERROR] {e}", file=sys.stderr, flush=True)
                               ^^^
NameError: name 'sys' is not defined. Did you forget to import 'sys'?

[post_job_error] https://baradwajrangan.wordpress.com/2025/05/27/interview-ali-fazal-thug-life-khufiya-fukrey-metro-in-dino/ error: Subprocess failed: Traceback (most recent call last):
  File "/Users/ravi/Documents/GitHub/movie-review-miner/backend/crawler/parse_post.py", line 57, in <module>
    print(f"[DEBUG] Parsing {args.url}", file=sys.stderr, flush=True)
                                              ^^^
NameError: name 'sys' is not defined. Did you forget to import 'sys'?

During handling of the above exception, another exception occurred:

Traceback (most recent call last):
  File "/Users/ravi/Documents/GitHub/movie-review-miner/backend/crawler/parse_post.py", line 66, in <module>
    print(f"[ERROR] {e}", file=sys.stderr, flush=True)
                               ^^^
NameError: name 'sys' is not defined. Did you forget to import 'sys'?

[post_job_error] https://baradwajrangan.wordpress.com/2025/05/26/readers-write-in-802-the-adventures-of-ajay-palvayanteeswaran/ error: Subprocess failed: Traceback (most recent call last):
  File "/Users/ravi/Documents/GitHub/movie-review-miner/backend/crawler/parse_post.py", line 57, in <module>
    print(f"[DEBUG] Parsing {args.url}", file=sys.stderr, flush=True)
                                              ^^^
NameError: name 'sys' is not defined. Did you forget to import 'sys'?

During handling of the above exception, another exception occurred:

Traceback (most recent call last):
  File "/Users/ravi/Documents/GitHub/movie-review-miner/backend/crawler/parse_post.py", line 66, in <module>
    print(f"[ERROR] {e}", file=sys.stderr, flush=True)
                               ^^^
NameError: name 'sys' is not defined. Did you forget to import 'sys'?

[post_job_error] https://baradwajrangan.wordpress.com/2025/05/25/readers-write-in-802-celluloid-love/ error: Subprocess failed: Traceback (most recent call last):
  File "/Users/ravi/Documents/GitHub/movie-review-miner/backend/crawler/parse_post.py", line 57, in <module>
    print(f"[DEBUG] Parsing {args.url}", file=sys.stderr, flush=True)
                                              ^^^
NameError: name 'sys' is not defined. Did you forget to import 'sys'?

During handling of the above exception, another exception occurred:

Traceback (most recent call last):
  File "/Users/ravi/Documents/GitHub/movie-review-miner/backend/crawler/parse_post.py", line 66, in <module>
    print(f"[ERROR] {e}", file=sys.stderr, flush=True)
                               ^^^
NameError: name 'sys' is not defined. Did you forget to import 'sys'?

[post_job_error] https://baradwajrangan.wordpress.com/2025/05/24/interview-anurag-kashyap-for-the-hindus-huddle-event-in-bengaluru/ error: Subprocess failed: Traceback (most recent call last):
  File "/Users/ravi/Documents/GitHub/movie-review-miner/backend/crawler/parse_post.py", line 57, in <module>
    print(f"[DEBUG] Parsing {args.url}", file=sys.stderr, flush=True)
                                              ^^^
NameError: name 'sys' is not defined. Did you forget to import 'sys'?

During handling of the above exception, another exception occurred:

Traceback (most recent call last):
  File "/Users/ravi/Documents/GitHub/movie-review-miner/backend/crawler/parse_post.py", line 66, in <module>
    print(f"[ERROR] {e}", file=sys.stderr, flush=True)
                               ^^^
NameError: name 'sys' is not defined. Did you forget to import 'sys'?

[post_job_error] https://baradwajrangan.wordpress.com/2025/05/24/interview-vetri-maaran-for-the-hindus-huddle-event-in-bengaluru/ error: Subprocess failed: Traceback (most recent call last):
  File "/Users/ravi/Documents/GitHub/movie-review-miner/backend/crawler/parse_post.py", line 57, in <module>
    print(f"[DEBUG] Parsing {args.url}", file=sys.stderr, flush=True)
                                              ^^^
NameError: name 'sys' is not defined. Did you forget to import 'sys'?

During handling of the above exception, another exception occurred:

Traceback (most recent call last):
  File "/Users/ravi/Documents/GitHub/movie-review-miner/backend/crawler/parse_post.py", line 66, in <module>
    print(f"[ERROR] {e}", file=sys.stderr, flush=True)
                               ^^^
NameError: name 'sys' is not defined. Did you forget to import 'sys'?

[post_job_error] https://baradwajrangan.wordpress.com/2025/05/24/from-the-web-ftw-23-cbfc-clears-dhadak-2-after-16-cuts-including-altered-anti-caste-references/ error: Subprocess failed: Traceback (most recent call last):
  File "/Users/ravi/Documents/GitHub/movie-review-miner/backend/crawler/parse_post.py", line 57, in <module>
    print(f"[DEBUG] Parsing {args.url}", file=sys.stderr, flush=True)
                                              ^^^
NameError: name 'sys' is not defined. Did you forget to import 'sys'?

During handling of the above exception, another exception occurred:

Traceback (most recent call last):
  File "/Users/ravi/Documents/GitHub/movie-review-miner/backend/crawler/parse_post.py", line 66, in <module>
    print(f"[ERROR] {e}", file=sys.stderr, flush=True)
                               ^^^
NameError: name 'sys' is not defined. Did you forget to import 'sys'?

[post_job_error] https://baradwajrangan.wordpress.com/2025/05/23/interview-mani-ratnam-thug-life/ error: Subprocess failed: Traceback (most recent call last):
  File "/Users/ravi/Documents/GitHub/movie-review-miner/backend/crawler/parse_post.py", line 57, in <module>
    print(f"[DEBUG] Parsing {args.url}", file=sys.stderr, flush=True)
                                              ^^^
NameError: name 'sys' is not defined. Did you forget to import 'sys'?

During handling of the above exception, another exception occurred:

Traceback (most recent call last):
  File "/Users/ravi/Documents/GitHub/movie-review-miner/backend/crawler/parse_post.py", line 66, in <module>
    print(f"[ERROR] {e}", file=sys.stderr, flush=True)
                               ^^^
NameError: name 'sys' is not defined. Did you forget to import 'sys'?

[post_job_error] https://baradwajrangan.wordpress.com/2025/05/22/interview-kamal-haasan-ar-rahman-str-trisha-thug-life/ error: Subprocess failed: Traceback (most recent call last):
  File "/Users/ravi/Documents/GitHub/movie-review-miner/backend/crawler/parse_post.py", line 57, in <module>
    print(f"[DEBUG] Parsing {args.url}", file=sys.stderr, flush=True)
                                              ^^^
NameError: name 'sys' is not defined. Did you forget to import 'sys'?

During handling of the above exception, another exception occurred:

Traceback (most recent call last):
  File "/Users/ravi/Documents/GitHub/movie-review-miner/backend/crawler/parse_post.py", line 66, in <module>
    print(f"[ERROR] {e}", file=sys.stderr, flush=True)
                               ^^^
NameError: name 'sys' is not defined. Did you forget to import 'sys'?

[post_job_error] https://baradwajrangan.wordpress.com/2025/05/21/interview-vijay-sethupathi-ace/ error: Subprocess failed: Traceback (most recent call last):
  File "/Users/ravi/Documents/GitHub/movie-review-miner/backend/crawler/parse_post.py", line 57, in <module>
    print(f"[DEBUG] Parsing {args.url}", file=sys.stderr, flush=True)
                                              ^^^
NameError: name 'sys' is not defined. Did you forget to import 'sys'?

During handling of the above exception, another exception occurred:

Traceback (most recent call last):
  File "/Users/ravi/Documents/GitHub/movie-review-miner/backend/crawler/parse_post.py", line 66, in <module>
    print(f"[ERROR] {e}", file=sys.stderr, flush=True)
                               ^^^
NameError: name 'sys' is not defined. Did you forget to import 'sys'?

[post_job_error] https://baradwajrangan.wordpress.com/2025/05/19/interview-amit-sadh-pune-highway-kai-po-che-gold-breathe/ error: Subprocess failed: Traceback (most recent call last):
  File "/Users/ravi/Documents/GitHub/movie-review-miner/backend/crawler/parse_post.py", line 57, in <module>
    print(f"[DEBUG] Parsing {args.url}", file=sys.stderr, flush=True)
                                              ^^^
NameError: name 'sys' is not defined. Did you forget to import 'sys'?

During handling of the above exception, another exception occurred:

Traceback (most recent call last):
  File "/Users/ravi/Documents/GitHub/movie-review-miner/backend/crawler/parse_post.py", line 66, in <module>
    print(f"[ERROR] {e}", file=sys.stderr, flush=True)
                               ^^^
NameError: name 'sys' is not defined. Did you forget to import 'sys'?

[post_job_error] https://baradwajrangan.wordpress.com/2025/05/19/readers-write-in-801-%e0%ae%85%e0%ae%9f%e0%ae%bf%e0%ae%ae%e0%ae%a9-%e0%ae%a4%e0%ae%be%e0%ae%95%e0%ae%ae%e0%af%8d/ error: Subprocess failed: Traceback (most recent call last):
  File "/Users/ravi/Documents/GitHub/movie-review-miner/backend/crawler/parse_post.py", line 57, in <module>
    print(f"[DEBUG] Parsing {args.url}", file=sys.stderr, flush=True)
                                              ^^^
NameError: name 'sys' is not defined. Did you forget to import 'sys'?

During handling of the above exception, another exception occurred:

Traceback (most recent call last):
  File "/Users/ravi/Documents/GitHub/movie-review-miner/backend/crawler/parse_post.py", line 66, in <module>
    print(f"[ERROR] {e}", file=sys.stderr, flush=True)
                               ^^^
NameError: name 'sys' is not defined. Did you forget to import 'sys'?

[post_job_error] https://baradwajrangan.wordpress.com/2025/05/17/prasanth-pandiyarajs-maaman-starring-soori-is-a-melodrama-that-quickly-loses-its-way/ error: Subprocess failed: Traceback (most recent call last):
  File "/Users/ravi/Documents/GitHub/movie-review-miner/backend/crawler/parse_post.py", line 57, in <module>
    print(f"[DEBUG] Parsing {args.url}", file=sys.stderr, flush=True)
                                              ^^^
NameError: name 'sys' is not defined. Did you forget to import 'sys'?

During handling of the above exception, another exception occurred:

Traceback (most recent call last):
  File "/Users/ravi/Documents/GitHub/movie-review-miner/backend/crawler/parse_post.py", line 66, in <module>
    print(f"[ERROR] {e}", file=sys.stderr, flush=True)
                               ^^^
NameError: name 'sys' is not defined. Did you forget to import 'sys'?

[post_job_error] https://baradwajrangan.wordpress.com/2025/05/16/book-excerpt-side-please/ error: Subprocess failed: Traceback (most recent call last):
  File "/Users/ravi/Documents/GitHub/movie-review-miner/backend/crawler/parse_post.py", line 57, in <module>
    print(f"[DEBUG] Parsing {args.url}", file=sys.stderr, flush=True)
                                              ^^^
NameError: name 'sys' is not defined. Did you forget to import 'sys'?

During handling of the above exception, another exception occurred:

Traceback (most recent call last):
  File "/Users/ravi/Documents/GitHub/movie-review-miner/backend/crawler/parse_post.py", line 66, in <module>
    print(f"[ERROR] {e}", file=sys.stderr, flush=True)
                               ^^^
NameError: name 'sys' is not defined. Did you forget to import 'sys'?

[post_job_error] https://baradwajrangan.wordpress.com/2025/05/15/food-for-thought-karan-johar/ error: Subprocess failed: Traceback (most recent call last):
  File "/Users/ravi/Documents/GitHub/movie-review-miner/backend/crawler/parse_post.py", line 57, in <module>
    print(f"[DEBUG] Parsing {args.url}", file=sys.stderr, flush=True)
                                              ^^^
NameError: name 'sys' is not defined. Did you forget to import 'sys'?

During handling of the above exception, another exception occurred:

Traceback (most recent call last):
  File "/Users/ravi/Documents/GitHub/movie-review-miner/backend/crawler/parse_post.py", line 66, in <module>
    print(f"[ERROR] {e}", file=sys.stderr, flush=True)
                               ^^^
NameError: name 'sys' is not defined. Did you forget to import 'sys'?

[post_job_error] https://baradwajrangan.wordpress.com/2025/05/15/readers-write-in-800-a-tribute-to-virat-kohli-from-a-tendulkar-fan/ error: Subprocess failed: Traceback (most recent call last):
  File "/Users/ravi/Documents/GitHub/movie-review-miner/backend/crawler/parse_post.py", line 57, in <module>
    print(f"[DEBUG] Parsing {args.url}", file=sys.stderr, flush=True)
                                              ^^^
NameError: name 'sys' is not defined. Did you forget to import 'sys'?

During handling of the above exception, another exception occurred:

Traceback (most recent call last):
  File "/Users/ravi/Documents/GitHub/movie-review-miner/backend/crawler/parse_post.py", line 66, in <module>
    print(f"[ERROR] {e}", file=sys.stderr, flush=True)
                               ^^^
NameError: name 'sys' is not defined. Did you forget to import 'sys'?

[post_job_error] https://baradwajrangan.wordpress.com/2025/05/14/interview-santhanam-devils-double-next-level/ error: Subprocess failed: Traceback (most recent call last):
  File "/Users/ravi/Documents/GitHub/movie-review-miner/backend/crawler/parse_post.py", line 57, in <module>
    print(f"[DEBUG] Parsing {args.url}", file=sys.stderr, flush=True)
                                              ^^^
NameError: name 'sys' is not defined. Did you forget to import 'sys'?

During handling of the above exception, another exception occurred:

Traceback (most recent call last):
  File "/Users/ravi/Documents/GitHub/movie-review-miner/backend/crawler/parse_post.py", line 66, in <module>
    print(f"[ERROR] {e}", file=sys.stderr, flush=True)
                               ^^^
NameError: name 'sys' is not defined. Did you forget to import 'sys'?

[post_job_error] https://baradwajrangan.wordpress.com/2025/05/13/readers-write-in-799-ramesh-thilak-yogi-babu-and-the-power-of-the-side-character-in-contemporary-tamil-cinema/ error: Subprocess failed: Traceback (most recent call last):
  File "/Users/ravi/Documents/GitHub/movie-review-miner/backend/crawler/parse_post.py", line 57, in <module>
    print(f"[DEBUG] Parsing {args.url}", file=sys.stderr, flush=True)
                                              ^^^
NameError: name 'sys' is not defined. Did you forget to import 'sys'?

During handling of the above exception, another exception occurred:

Traceback (most recent call last):
  File "/Users/ravi/Documents/GitHub/movie-review-miner/backend/crawler/parse_post.py", line 66, in <module>
    print(f"[ERROR] {e}", file=sys.stderr, flush=True)
                               ^^^
NameError: name 'sys' is not defined. Did you forget to import 'sys'?

[save_error] https://baradwajrangan.wordpress.com/2025/06/25/interview-ram-parandhu-po/ error: name 'supabase' is not defined
[save_error] https://baradwajrangan.wordpress.com/2025/06/23/interview-vishnu-manchu-kannappa/ error: name 'supabase' is not defined
[save_error] https://baradwajrangan.wordpress.com/2025/06/22/readers-write-in-819-%e0%ae%95%e0%af%81%e0%ae%9f%e0%af%81%e0%ae%ae%e0%af%8d%e0%ae%aa%e0%ae%a4%e0%ae%b2%e0%af%88%e0%ae%b5%e0%ae%a9%e0%af%8d/ error: name 'supabase' is not defined
[save_error] https://baradwajrangan.wordpress.com/2025/06/22/readers-write-in-818-ronth-the-mind-patroller/ error: name 'supabase' is not defined
[save_error] https://baradwajrangan.wordpress.com/2025/06/21/interview-devi-sri-prasad-pushpa-kuberaa/ error: name 'supabase' is not defined
[save_error] https://baradwajrangan.wordpress.com/2025/06/20/nelson-venkatesans-dna-atharvaa-nimisha-sajayan-takes-a-super-premise-and-delivers-a-generic-thriller/ error: name 'supabase' is not defined
[save_error] https://baradwajrangan.wordpress.com/2025/06/20/kuberaa-for-early-comments/ error: name 'supabase' is not defined
[save_error] https://baradwajrangan.wordpress.com/2025/06/20/sitaare-zameen-par-for-early-comments/ error: name 'supabase' is not defined
[save_error] https://baradwajrangan.wordpress.com/2025/06/20/readers-write-in-817-murder-caesar-a-thug-life-not-earned/ error: name 'supabase' is not defined
[save_error] https://baradwajrangan.wordpress.com/2025/06/19/karan-tejpals-stolen-with-abhishek-banerjee-is-a-powerfully-emotional-thriller-about-the-two-indias/ error: name 'supabase' is not defined
[save_error] https://baradwajrangan.wordpress.com/2025/06/19/interview-atharvaa-dna/ error: name 'supabase' is not defined
[save_error] https://baradwajrangan.wordpress.com/2025/06/19/readers-write-in-816-bread-pakoras-in-the-city-of-djinns-bollywoods-love-affair-with-delhi/ error: name 'supabase' is not defined
[save_error] https://baradwajrangan.wordpress.com/2025/06/17/interview-rs-prasanna-sitaare-zameen-par/ error: name 'supabase' is not defined
[save_error] https://baradwajrangan.wordpress.com/2025/06/17/briefly-reviewed-celine-songs-materialists/ error: name 'supabase' is not defined
[save_error] https://baradwajrangan.wordpress.com/2025/06/16/interview-karthik-subbaraj-2/ error: name 'supabase' is not defined
[save_error] https://baradwajrangan.wordpress.com/2025/06/16/briefly-reviewed-mike-flanagans-the-life-of-chuck/ error: name 'supabase' is not defined
[save_error] https://baradwajrangan.wordpress.com/2025/06/16/my-interview-on-cyrus-says/ error: name 'supabase' is not defined
[save_error] https://baradwajrangan.wordpress.com/2025/06/16/readers-write-in-815-from-hug-life-to-thug-life-a-tale-of-two-gangsters/ error: name 'supabase' is not defined
[save_error] https://baradwajrangan.wordpress.com/2025/06/16/bribing-br/ error: name 'supabase' is not defined
[save_error] https://baradwajrangan.wordpress.com/2025/06/14/readers-write-in-814-i-reference-therefore-i-am/ error: name 'supabase' is not defined
[save_error] https://baradwajrangan.wordpress.com/2025/06/14/interview-yami-gautam-article-370-dhoom-dhaam/ error: name 'supabase' is not defined
[save_error] https://baradwajrangan.wordpress.com/2025/06/13/shahi-kabirs-beautifully-written-ronth-with-dileesh-pothan-and-roshan-matthew-is-a-compelling-and-deceptive-crime-drama/ error: name 'supabase' is not defined
[save_error] https://baradwajrangan.wordpress.com/2025/06/12/vinod-aks-moonwalk-is-a-delightful-time-machine-that-makes-us-relive-the-breakdance-era/ error: name 'supabase' is not defined
[save_error] https://baradwajrangan.wordpress.com/2025/06/12/interview-nagarjuna-akkineni-kuberaa-coolie/ error: name 'supabase' is not defined
[save_error] https://baradwajrangan.wordpress.com/2025/06/12/bitty-ruminations-98-is-it-possible-to-live-a-life-without-regrets/ error: name 'supabase' is not defined
[save_error] https://baradwajrangan.wordpress.com/2025/06/11/interview-team-ronth-dileesh-pothan-roshan-matthew-shahi-kabir/ error: name 'supabase' is not defined
[save_error] https://baradwajrangan.wordpress.com/2025/06/11/readers-write-in-812-crying-over-pasamalar/ error: name 'supabase' is not defined
[save_error] https://baradwajrangan.wordpress.com/2025/06/10/readers-write-in-812-thug-light/ error: name 'supabase' is not defined
[save_error] https://baradwajrangan.wordpress.com/2025/06/09/interview-team-stolen-anurag-kashyap-vikramaditya-motwane-abhishek-banerjee-et-al/ error: name 'supabase' is not defined
[save_error] https://baradwajrangan.wordpress.com/2025/06/09/readers-write-in-811-thug-life-you-come-at-the-king-you-best-not-miss/ error: name 'supabase' is not defined
[save_error] https://baradwajrangan.wordpress.com/2025/06/08/readers-write-in-810-vintage-film-agreements/ error: name 'supabase' is not defined
[save_error] https://baradwajrangan.wordpress.com/2025/06/07/readers-write-in-809-%e0%ae%b5%e0%ae%b2%e0%ae%a4%e0%af%81%e0%ae%9a%e0%ae%be%e0%ae%b0%e0%ae%bf-%e0%ae%86%e0%ae%a4%e0%ae%b0%e0%ae%b5%e0%ae%be%e0%ae%b3%e0%ae%b0%e0%af%8d%e0%ae%95%e0%ae%b3%e0%af%8d/ error: name 'supabase' is not defined
[save_error] https://baradwajrangan.wordpress.com/2025/06/07/interview-aamir-khan-sitaare-zameen-par/ error: name 'supabase' is not defined
[save_error] https://baradwajrangan.wordpress.com/2025/06/07/readers-write-in-808-thug-life-an-experience/ error: name 'supabase' is not defined
[save_error] https://baradwajrangan.wordpress.com/2025/06/05/thug-life-thread-for-early-comments-until-review-is-posted/ error: name 'supabase' is not defined
[save_error] https://baradwajrangan.wordpress.com/2025/06/04/readers-write-in-807-%e0%ae%92%e0%ae%b0%e0%af%81-%e0%ae%a4%e0%ae%b1%e0%af%8d%e0%ae%95%e0%af%8a%e0%ae%b2%e0%af%88/ error: name 'supabase' is not defined
[save_error] https://baradwajrangan.wordpress.com/2025/06/03/interview-ravi-k-chandran-thug-life/ error: name 'supabase' is not defined
[save_error] https://baradwajrangan.wordpress.com/2025/06/02/readers-write-in-806-fare-thee-well-tiger-man/ error: name 'supabase' is not defined
[save_error] https://baradwajrangan.wordpress.com/2025/05/31/from-the-web-ftw-25-the-city-of-chennais-vanishing-role-in-tamil-cinema/ error: name 'supabase' is not defined
[save_error] https://baradwajrangan.wordpress.com/2025/05/29/readers-write-in-805-the-unfinished-reign/ error: name 'supabase' is not defined
[save_error] https://baradwajrangan.wordpress.com/2025/05/29/lets-talk-about-the-ott-shows-were-watching/ error: name 'supabase' is not defined
[save_error] https://baradwajrangan.wordpress.com/2025/05/29/from-the-web-ftw-24-ilaiyaraaja-declares-theres-no-composer-like-me/ error: name 'supabase' is not defined
[save_error] https://baradwajrangan.wordpress.com/2025/05/29/readers-write-in-804-questions-i-want-to-ask-mr-mani-rathnam-and-mr-kamal-haasan/ error: name 'supabase' is not defined
[save_error] https://baradwajrangan.wordpress.com/2025/05/27/interview-ali-fazal-thug-life-khufiya-fukrey-metro-in-dino/ error: name 'supabase' is not defined
[save_error] https://baradwajrangan.wordpress.com/2025/05/26/readers-write-in-802-the-adventures-of-ajay-palvayanteeswaran/ error: name 'supabase' is not defined
[save_error] https://baradwajrangan.wordpress.com/2025/05/25/readers-write-in-802-celluloid-love/ error: name 'supabase' is not defined
[save_error] https://baradwajrangan.wordpress.com/2025/05/24/interview-anurag-kashyap-for-the-hindus-huddle-event-in-bengaluru/ error: name 'supabase' is not defined
[save_error] https://baradwajrangan.wordpress.com/2025/05/24/interview-vetri-maaran-for-the-hindus-huddle-event-in-bengaluru/ error: name 'supabase' is not defined
[save_error] https://baradwajrangan.wordpress.com/2025/05/24/from-the-web-ftw-23-cbfc-clears-dhadak-2-after-16-cuts-including-altered-anti-caste-references/ error: name 'supabase' is not defined
[save_error] https://baradwajrangan.wordpress.com/2025/05/23/interview-mani-ratnam-thug-life/ error: name 'supabase' is not defined
[save_error] https://baradwajrangan.wordpress.com/2025/05/22/interview-kamal-haasan-ar-rahman-str-trisha-thug-life/ error: name 'supabase' is not defined
[save_error] https://baradwajrangan.wordpress.com/2025/05/21/interview-vijay-sethupathi-ace/ error: name 'supabase' is not defined
[save_error] https://baradwajrangan.wordpress.com/2025/05/19/interview-amit-sadh-pune-highway-kai-po-che-gold-breathe/ error: name 'supabase' is not defined
[save_error] https://baradwajrangan.wordpress.com/2025/05/19/readers-write-in-801-%e0%ae%85%e0%ae%9f%e0%ae%bf%e0%ae%ae%e0%ae%a9-%e0%ae%a4%e0%ae%be%e0%ae%95%e0%ae%ae%e0%af%8d/ error: name 'supabase' is not defined
[save_error] https://baradwajrangan.wordpress.com/2025/05/17/prasanth-pandiyarajs-maaman-starring-soori-is-a-melodrama-that-quickly-loses-its-way/ error: name 'supabase' is not defined
[save_error] https://baradwajrangan.wordpress.com/2025/05/16/book-excerpt-side-please/ error: name 'supabase' is not defined
[save_error] https://baradwajrangan.wordpress.com/2025/05/15/food-for-thought-karan-johar/ error: name 'supabase' is not defined
[save_error] https://baradwajrangan.wordpress.com/2025/05/15/readers-write-in-800-a-tribute-to-virat-kohli-from-a-tendulkar-fan/ error: name 'supabase' is not defined
[save_error] https://baradwajrangan.wordpress.com/2025/05/14/interview-santhanam-devils-double-next-level/ error: name 'supabase' is not defined
[save_error] https://baradwajrangan.wordpress.com/2025/05/13/readers-write-in-799-ramesh-thilak-yogi-babu-and-the-power-of-the-side-character-in-contemporary-tamil-cinema/ error: name 'supabase' is not defined
